


ARM Macro Assembler    Page 1 


    1 00000000         #line   1                "RTE\\Device\\XMC4500-F100x1024
\\startup_XMC4500.s"
    1 00000000         ;*******************************************************
                       ************************
    2 00000000         ;* @file     startup_XMC4500.s
    3 00000000         ;* @brief    CMSIS Core Device Startup File for
    4 00000000         ;*           Infineon XMC4500 Device Series
    5 00000000         ;* @version  V1.5
    6 00000000         ;* @date     December 2014
    7 00000000         ;*
    8 00000000         ;* Copyright (C) 2014 Infineon Technologies AG. All righ
                       ts reserved.
    9 00000000         ;*
   10 00000000         ;*
   11 00000000         ;* @par
   12 00000000         ;* Infineon Technologies AG (Infineon) is supplying this
                        software for use with 
   13 00000000         ;* Infineon's microcontrollers.  This file can be freely
                        distributed
   14 00000000         ;* within development tools that are supporting such mic
                       rocontrollers.
   15 00000000         ;*
   16 00000000         ;* @par
   17 00000000         ;* THIS SOFTWARE IS PROVIDED AS IS.  NO WARRANTIES, WHET
                       HER EXPRESS, IMPLIED
   18 00000000         ;* OR STATUTORY, INCLUDING, BUT NOT LIMITED TO, IMPLIED 
                       WARRANTIES OF
   19 00000000         ;* MERCHANTABILITY AND FITNESS FOR A PARTICULAR PURPOSE 
                       APPLY TO THIS SOFTWARE.
   20 00000000         ;* ARM SHALL NOT, IN ANY CIRCUMSTANCES, BE LIABLE FOR SP
                       ECIAL, INCIDENTAL, OR
   21 00000000         ;* CONSEQUENTIAL DAMAGES, FOR ANY REASON WHATSOEVER.
   22 00000000         ;*
   23 00000000         ;*******************************************************
                       ***********************
   24 00000000         
   25 00000000         ;************************** Version History ************
                       ************************
   26 00000000         ; V1.00, February 2012, First version
   27 00000000         ; V1.10, August 2012, Adding Dave3 init function call
   28 00000000         ; V1.20, February 2013, FIX for CPU prefetch bug impleme
                       nted
   29 00000000         ; V1.30, August 2013, Fix the bug of stack pointer align
                       ment to a 8 byte boundary
   30 00000000         ; V1.40, November 2014, Disable CPU workaround. 
   31 00000000         ;                       To enable the workaround add to 
                       the ASM defines: 
   32 00000000         ;                           ENABLE_CPU_CM_001_WORKAROUND
                        
   33 00000000         ;                       Increased stack size. 
   34 00000000         ;                       Removed DAVE3 dependency
   35 00000000         ; V1.50, December 2014, Fix not available entries in vec
                       tor table
   36 00000000         ;*******************************************************
                       ************************
   37 00000000         
   38 00000000         ; ------------------ <<< Use Configuration Wizard in Con
                       text Menu >>> ------------------
   39 00000000         



ARM Macro Assembler    Page 2 


   40 00000000         ; <h> Stack Configuration
   41 00000000         ;   <o> Stack Size (in Bytes) <0x0-0xFFFFFFFF:8>
   42 00000000         ; </h>
   43 00000000         
   44 00000000 00000800 
                       Stack_Size
                               EQU              0x00000800
   45 00000000         
   46 00000000                 AREA             STACK, NOINIT, READWRITE, ALIGN
=3
   47 00000000         Stack_Mem
                               SPACE            Stack_Size
   48 00000800         __initial_sp
   49 00000800         
   50 00000800         
   51 00000800         ; <h> Heap Configuration
   52 00000800         ;   <o>  Heap Size (in Bytes) <0x0-0xFFFFFFFF:8>
   53 00000800         ; </h>
   54 00000800         
   55 00000800 00000200 
                       Heap_Size
                               EQU              0x00000200
   56 00000800         
   57 00000800                 AREA             HEAP, NOINIT, READWRITE, ALIGN=
3
   58 00000000         __heap_base
   59 00000000         Heap_Mem
                               SPACE            Heap_Size
   60 00000200         __heap_limit
   61 00000200         
   62 00000200                 PRESERVE8
   63 00000200                 THUMB
   64 00000200         
   65 00000200                 IF               :DEF:ENABLE_CPU_CM_001_WORKAROU
ND
   71 00000200                 MACRO
   72 00000200                 Entry            $Handler
   73 00000200                 DCD              $Handler
   74 00000200                 MEND
   75 00000200                 ENDIF
   76 00000200         
   77 00000200         ; Vector Table Mapped to Address 0 at Reset
   78 00000200         
   79 00000200                 AREA             RESET, DATA, READONLY
   80 00000000                 EXPORT           __Vectors
   81 00000000                 EXPORT           __Vectors_End
   82 00000000                 EXPORT           __Vectors_Size
   83 00000000         
   84 00000000 00000000 
                       __Vectors
                               DCD              __initial_sp ; 0 Top of Stack
   85 00000004 00000000        DCD              Reset_Handler ; 1 Reset Handler
                                                            
   86 00000008                 Entry            NMI_Handler ; 2 NMI Handler
   73 00000008 00000000        DCD              NMI_Handler
   87 0000000C                 Entry            HardFault_Handler ; 3 Hard Faul
                                                            t Handler
   73 0000000C 00000000        DCD              HardFault_Handler
   88 00000010                 Entry            MemManage_Handler ; 4 MPU Fault



ARM Macro Assembler    Page 3 


                                                             Handler
   73 00000010 00000000        DCD              MemManage_Handler
   89 00000014                 Entry            BusFault_Handler ; 5 Bus Fault 
                                                            Handler
   73 00000014 00000000        DCD              BusFault_Handler
   90 00000018                 Entry            UsageFault_Handler ; 6 Usage Fa
                                                            ult Handler
   73 00000018 00000000        DCD              UsageFault_Handler
   91 0000001C 00000000        DCD              0           ; 7 Reserved
   92 00000020 00000000        DCD              0           ; 8 Reserved
   93 00000024 00000000        DCD              0           ; 9 Reserved
   94 00000028 00000000        DCD              0           ; 10 Reserved
   95 0000002C                 Entry            SVC_Handler ; 11 SVCall Handler
                                                            
   73 0000002C 00000000        DCD              SVC_Handler
   96 00000030                 Entry            DebugMon_Handler ; 12 Debug Mon
                                                            itor Handler
   73 00000030 00000000        DCD              DebugMon_Handler
   97 00000034 00000000        DCD              0           ; 13 Reserved
   98 00000038                 Entry            PendSV_Handler 
                                                            ; 14 PendSV Handler
                                                            
   73 00000038 00000000        DCD              PendSV_Handler
   99 0000003C                 Entry            SysTick_Handler ; 15 SysTick Ha
                                                            ndler
   73 0000003C 00000000        DCD              SysTick_Handler
  100 00000040         
  101 00000040         ; Interrupt Handlers for Service Requests (SR) from XMC4
                       500 Peripherals */
  102 00000040                 Entry            SCU_0_IRQHandler ; Handler name
                                                             for SR SCU_0     
   73 00000040 00000000        DCD              SCU_0_IRQHandler
  103 00000044                 Entry            ERU0_0_IRQHandler ; Handler nam
                                                            e for SR ERU0_0    
                                                            
   73 00000044 00000000        DCD              ERU0_0_IRQHandler
  104 00000048                 Entry            ERU0_1_IRQHandler ; Handler nam
                                                            e for SR ERU0_1    
                                                            
   73 00000048 00000000        DCD              ERU0_1_IRQHandler
  105 0000004C                 Entry            ERU0_2_IRQHandler ; Handler nam
                                                            e for SR ERU0_2    
                                                            
   73 0000004C 00000000        DCD              ERU0_2_IRQHandler
  106 00000050                 Entry            ERU0_3_IRQHandler ; Handler nam
                                                            e for SR ERU0_3    
                                                             
   73 00000050 00000000        DCD              ERU0_3_IRQHandler
  107 00000054                 Entry            ERU1_0_IRQHandler ; Handler nam
                                                            e for SR ERU1_0    
                                                            
   73 00000054 00000000        DCD              ERU1_0_IRQHandler
  108 00000058                 Entry            ERU1_1_IRQHandler ; Handler nam
                                                            e for SR ERU1_1    
                                                            
   73 00000058 00000000        DCD              ERU1_1_IRQHandler
  109 0000005C                 Entry            ERU1_2_IRQHandler ; Handler nam
                                                            e for SR ERU1_2    
                                                            



ARM Macro Assembler    Page 4 


   73 0000005C 00000000        DCD              ERU1_2_IRQHandler
  110 00000060                 Entry            ERU1_3_IRQHandler ; Handler nam
                                                            e for SR ERU1_3    
                                                            
   73 00000060 00000000        DCD              ERU1_3_IRQHandler
  111 00000064 00000000        DCD              0           ; Not Available    
                                                                         
  112 00000068 00000000        DCD              0           ; Not Available    
                                                                         
  113 0000006C 00000000        DCD              0           ; Not Available    
                                                                         
  114 00000070                 Entry            PMU0_0_IRQHandler ; Handler nam
                                                            e for SR PMU0_0    
                                                            
   73 00000070 00000000        DCD              PMU0_0_IRQHandler
  115 00000074 00000000        DCD              0           ; Not Available    
                                                                         
  116 00000078                 Entry            VADC0_C0_0_IRQHandler ; Handler
                                                             name for SR VADC0_
                                                            C0_0  
   73 00000078 00000000        DCD              VADC0_C0_0_IRQHandler
  117 0000007C                 Entry            VADC0_C0_1_IRQHandler ; Handler
                                                             name for SR VADC0_
                                                            C0_1  
   73 0000007C 00000000        DCD              VADC0_C0_1_IRQHandler
  118 00000080                 Entry            VADC0_C0_2_IRQHandler ; Handler
                                                             name for SR VADC0_
                                                            C0_1  
   73 00000080 00000000        DCD              VADC0_C0_2_IRQHandler
  119 00000084                 Entry            VADC0_C0_3_IRQHandler ; Handler
                                                             name for SR VADC0_
                                                            C0_3  
   73 00000084 00000000        DCD              VADC0_C0_3_IRQHandler
  120 00000088                 Entry            VADC0_G0_0_IRQHandler ; Handler
                                                             name for SR VADC0_
                                                            G0_0  
   73 00000088 00000000        DCD              VADC0_G0_0_IRQHandler
  121 0000008C                 Entry            VADC0_G0_1_IRQHandler ; Handler
                                                             name for SR VADC0_
                                                            G0_1  
   73 0000008C 00000000        DCD              VADC0_G0_1_IRQHandler
  122 00000090                 Entry            VADC0_G0_2_IRQHandler ; Handler
                                                             name for SR VADC0_
                                                            G0_2  
   73 00000090 00000000        DCD              VADC0_G0_2_IRQHandler
  123 00000094                 Entry            VADC0_G0_3_IRQHandler ; Handler
                                                             name for SR VADC0_
                                                            G0_3  
   73 00000094 00000000        DCD              VADC0_G0_3_IRQHandler
  124 00000098                 Entry            VADC0_G1_0_IRQHandler ; Handler
                                                             name for SR VADC0_
                                                            G1_0  
   73 00000098 00000000        DCD              VADC0_G1_0_IRQHandler
  125 0000009C                 Entry            VADC0_G1_1_IRQHandler ; Handler
                                                             name for SR VADC0_
                                                            G1_1  
   73 0000009C 00000000        DCD              VADC0_G1_1_IRQHandler
  126 000000A0                 Entry            VADC0_G1_2_IRQHandler ; Handler
                                                             name for SR VADC0_



ARM Macro Assembler    Page 5 


                                                            G1_2  
   73 000000A0 00000000        DCD              VADC0_G1_2_IRQHandler
  127 000000A4                 Entry            VADC0_G1_3_IRQHandler ; Handler
                                                             name for SR VADC0_
                                                            G1_3  
   73 000000A4 00000000        DCD              VADC0_G1_3_IRQHandler
  128 000000A8                 Entry            VADC0_G2_0_IRQHandler ; Handler
                                                             name for SR VADC0_
                                                            G2_0  
   73 000000A8 00000000        DCD              VADC0_G2_0_IRQHandler
  129 000000AC                 Entry            VADC0_G2_1_IRQHandler ; Handler
                                                             name for SR VADC0_
                                                            G2_1  
   73 000000AC 00000000        DCD              VADC0_G2_1_IRQHandler
  130 000000B0                 Entry            VADC0_G2_2_IRQHandler ; Handler
                                                             name for SR VADC0_
                                                            G2_2  
   73 000000B0 00000000        DCD              VADC0_G2_2_IRQHandler
  131 000000B4                 Entry            VADC0_G2_3_IRQHandler ; Handler
                                                             name for SR VADC0_
                                                            G2_3  
   73 000000B4 00000000        DCD              VADC0_G2_3_IRQHandler
  132 000000B8                 Entry            VADC0_G3_0_IRQHandler ; Handler
                                                             name for SR VADC0_
                                                            G3_0  
   73 000000B8 00000000        DCD              VADC0_G3_0_IRQHandler
  133 000000BC                 Entry            VADC0_G3_1_IRQHandler ; Handler
                                                             name for SR VADC0_
                                                            G3_1  
   73 000000BC 00000000        DCD              VADC0_G3_1_IRQHandler
  134 000000C0                 Entry            VADC0_G3_2_IRQHandler ; Handler
                                                             name for SR VADC0_
                                                            G3_2  
   73 000000C0 00000000        DCD              VADC0_G3_2_IRQHandler
  135 000000C4                 Entry            VADC0_G3_3_IRQHandler ; Handler
                                                             name for SR VADC0_
                                                            G3_3  
   73 000000C4 00000000        DCD              VADC0_G3_3_IRQHandler
  136 000000C8                 Entry            DSD0_0_IRQHandler ; Handler nam
                                                            e for SR DSD_SRM_0 
                                                            
   73 000000C8 00000000        DCD              DSD0_0_IRQHandler
  137 000000CC                 Entry            DSD0_1_IRQHandler ; Handler nam
                                                            e for SR DSD_SRM_1 
                                                            
   73 000000CC 00000000        DCD              DSD0_1_IRQHandler
  138 000000D0                 Entry            DSD0_2_IRQHandler ; Handler nam
                                                            e for SR DSD_SRM_2 
                                                            
   73 000000D0 00000000        DCD              DSD0_2_IRQHandler
  139 000000D4                 Entry            DSD0_3_IRQHandler ; Handler nam
                                                            e for SR DSD_SRM_3 
                                                            
   73 000000D4 00000000        DCD              DSD0_3_IRQHandler
  140 000000D8                 Entry            DSD0_4_IRQHandler ; Handler nam
                                                            e for SR DSD_SRA_0 
                                                            
   73 000000D8 00000000        DCD              DSD0_4_IRQHandler
  141 000000DC                 Entry            DSD0_5_IRQHandler ; Handler nam



ARM Macro Assembler    Page 6 


                                                            e for SR DSD_SRA_1 
                                                            
   73 000000DC 00000000        DCD              DSD0_5_IRQHandler
  142 000000E0                 Entry            DSD0_6_IRQHandler ; Handler nam
                                                            e for SR DSD_SRA_2 
                                                            
   73 000000E0 00000000        DCD              DSD0_6_IRQHandler
  143 000000E4                 Entry            DSD0_7_IRQHandler ; Handler nam
                                                            e for SR DSD_SRA_3 
                                                            
   73 000000E4 00000000        DCD              DSD0_7_IRQHandler
  144 000000E8                 Entry            DAC0_0_IRQHandler ; Handler nam
                                                            e for SR DAC0_0    
                                                            
   73 000000E8 00000000        DCD              DAC0_0_IRQHandler
  145 000000EC                 Entry            DAC0_1_IRQHandler ; Handler nam
                                                            e for SR DAC0_1    
                                                            
   73 000000EC 00000000        DCD              DAC0_1_IRQHandler
  146 000000F0                 Entry            CCU40_0_IRQHandler ; Handler na
                                                            me for SR CCU40_0  
                                                             
   73 000000F0 00000000        DCD              CCU40_0_IRQHandler
  147 000000F4                 Entry            CCU40_1_IRQHandler ; Handler na
                                                            me for SR CCU40_1  
                                                             
   73 000000F4 00000000        DCD              CCU40_1_IRQHandler
  148 000000F8                 Entry            CCU40_2_IRQHandler ; Handler na
                                                            me for SR CCU40_2  
                                                             
   73 000000F8 00000000        DCD              CCU40_2_IRQHandler
  149 000000FC                 Entry            CCU40_3_IRQHandler ; Handler na
                                                            me for SR CCU40_3  
                                                             
   73 000000FC 00000000        DCD              CCU40_3_IRQHandler
  150 00000100                 Entry            CCU41_0_IRQHandler ; Handler na
                                                            me for SR CCU41_0  
                                                             
   73 00000100 00000000        DCD              CCU41_0_IRQHandler
  151 00000104                 Entry            CCU41_1_IRQHandler ; Handler na
                                                            me for SR CCU41_1  
                                                             
   73 00000104 00000000        DCD              CCU41_1_IRQHandler
  152 00000108                 Entry            CCU41_2_IRQHandler ; Handler na
                                                            me for SR CCU41_2  
                                                             
   73 00000108 00000000        DCD              CCU41_2_IRQHandler
  153 0000010C                 Entry            CCU41_3_IRQHandler ; Handler na
                                                            me for SR CCU41_3  
                                                             
   73 0000010C 00000000        DCD              CCU41_3_IRQHandler
  154 00000110                 Entry            CCU42_0_IRQHandler ; Handler na
                                                            me for SR CCU42_0  
                                                             
   73 00000110 00000000        DCD              CCU42_0_IRQHandler
  155 00000114                 Entry            CCU42_1_IRQHandler ; Handler na
                                                            me for SR CCU42_1  
                                                             
   73 00000114 00000000        DCD              CCU42_1_IRQHandler



ARM Macro Assembler    Page 7 


  156 00000118                 Entry            CCU42_2_IRQHandler ; Handler na
                                                            me for SR CCU42_2  
                                                             
   73 00000118 00000000        DCD              CCU42_2_IRQHandler
  157 0000011C                 Entry            CCU42_3_IRQHandler ; Handler na
                                                            me for SR CCU42_3  
                                                             
   73 0000011C 00000000        DCD              CCU42_3_IRQHandler
  158 00000120                 Entry            CCU43_0_IRQHandler ; Handler na
                                                            me for SR CCU43_0  
                                                             
   73 00000120 00000000        DCD              CCU43_0_IRQHandler
  159 00000124                 Entry            CCU43_1_IRQHandler ; Handler na
                                                            me for SR CCU43_1  
                                                             
   73 00000124 00000000        DCD              CCU43_1_IRQHandler
  160 00000128                 Entry            CCU43_2_IRQHandler ; Handler na
                                                            me for SR CCU43_2  
                                                             
   73 00000128 00000000        DCD              CCU43_2_IRQHandler
  161 0000012C                 Entry            CCU43_3_IRQHandler ; Handler na
                                                            me for SR CCU43_3  
                                                             
   73 0000012C 00000000        DCD              CCU43_3_IRQHandler
  162 00000130                 Entry            CCU80_0_IRQHandler ; Handler na
                                                            me for SR CCU80_0  
                                                             
   73 00000130 00000000        DCD              CCU80_0_IRQHandler
  163 00000134                 Entry            CCU80_1_IRQHandler ; Handler na
                                                            me for SR CCU80_1  
                                                             
   73 00000134 00000000        DCD              CCU80_1_IRQHandler
  164 00000138                 Entry            CCU80_2_IRQHandler ; Handler na
                                                            me for SR CCU80_2  
                                                             
   73 00000138 00000000        DCD              CCU80_2_IRQHandler
  165 0000013C                 Entry            CCU80_3_IRQHandler ; Handler na
                                                            me for SR CCU80_3  
                                                             
   73 0000013C 00000000        DCD              CCU80_3_IRQHandler
  166 00000140                 Entry            CCU81_0_IRQHandler ; Handler na
                                                            me for SR CCU81_0  
                                                             
   73 00000140 00000000        DCD              CCU81_0_IRQHandler
  167 00000144                 Entry            CCU81_1_IRQHandler ; Handler na
                                                            me for SR CCU81_1  
                                                             
   73 00000144 00000000        DCD              CCU81_1_IRQHandler
  168 00000148                 Entry            CCU81_2_IRQHandler ; Handler na
                                                            me for SR CCU81_2  
                                                             
   73 00000148 00000000        DCD              CCU81_2_IRQHandler
  169 0000014C                 Entry            CCU81_3_IRQHandler ; Handler na
                                                            me for SR CCU81_3  
                                                             
   73 0000014C 00000000        DCD              CCU81_3_IRQHandler
  170 00000150                 Entry            POSIF0_0_IRQHandler ; Handler n
                                                            ame for SR POSIF0_0
                                                              



ARM Macro Assembler    Page 8 


   73 00000150 00000000        DCD              POSIF0_0_IRQHandler
  171 00000154                 Entry            POSIF0_1_IRQHandler ; Handler n
                                                            ame for SR POSIF0_1
                                                              
   73 00000154 00000000        DCD              POSIF0_1_IRQHandler
  172 00000158                 Entry            POSIF1_0_IRQHandler ; Handler n
                                                            ame for SR POSIF1_0
                                                              
   73 00000158 00000000        DCD              POSIF1_0_IRQHandler
  173 0000015C                 Entry            POSIF1_1_IRQHandler ; Handler n
                                                            ame for SR POSIF1_1
                                                              
   73 0000015C 00000000        DCD              POSIF1_1_IRQHandler
  174 00000160 00000000        DCD              0           ; Not Available    
                                                                         
  175 00000164 00000000        DCD              0           ; Not Available    
                                                                         
  176 00000168 00000000        DCD              0           ; Not Available    
                                                                         
  177 0000016C 00000000        DCD              0           ; Not Available    
                                                                         
  178 00000170                 Entry            CAN0_0_IRQHandler ; Handler nam
                                                            e for SR CAN0_0    
                                                            
   73 00000170 00000000        DCD              CAN0_0_IRQHandler
  179 00000174                 Entry            CAN0_1_IRQHandler ; Handler nam
                                                            e for SR CAN0_1    
                                                            
   73 00000174 00000000        DCD              CAN0_1_IRQHandler
  180 00000178                 Entry            CAN0_2_IRQHandler ; Handler nam
                                                            e for SR CAN0_2    
                                                            
   73 00000178 00000000        DCD              CAN0_2_IRQHandler
  181 0000017C                 Entry            CAN0_3_IRQHandler ; Handler nam
                                                            e for SR CAN0_3    
                                                            
   73 0000017C 00000000        DCD              CAN0_3_IRQHandler
  182 00000180                 Entry            CAN0_4_IRQHandler ; Handler nam
                                                            e for SR CAN0_4    
                                                            
   73 00000180 00000000        DCD              CAN0_4_IRQHandler
  183 00000184                 Entry            CAN0_5_IRQHandler ; Handler nam
                                                            e for SR CAN0_5    
                                                            
   73 00000184 00000000        DCD              CAN0_5_IRQHandler
  184 00000188                 Entry            CAN0_6_IRQHandler ; Handler nam
                                                            e for SR CAN0_6    
                                                            
   73 00000188 00000000        DCD              CAN0_6_IRQHandler
  185 0000018C                 Entry            CAN0_7_IRQHandler ; Handler nam
                                                            e for SR CAN0_7    
                                                            
   73 0000018C 00000000        DCD              CAN0_7_IRQHandler
  186 00000190                 Entry            USIC0_0_IRQHandler ; Handler na
                                                            me for SR USIC0_0  
                                                             
   73 00000190 00000000        DCD              USIC0_0_IRQHandler
  187 00000194                 Entry            USIC0_1_IRQHandler ; Handler na
                                                            me for SR USIC0_1  



ARM Macro Assembler    Page 9 


                                                             
   73 00000194 00000000        DCD              USIC0_1_IRQHandler
  188 00000198                 Entry            USIC0_2_IRQHandler ; Handler na
                                                            me for SR USIC0_2  
                                                             
   73 00000198 00000000        DCD              USIC0_2_IRQHandler
  189 0000019C                 Entry            USIC0_3_IRQHandler ; Handler na
                                                            me for SR USIC0_3  
                                                             
   73 0000019C 00000000        DCD              USIC0_3_IRQHandler
  190 000001A0                 Entry            USIC0_4_IRQHandler ; Handler na
                                                            me for SR USIC0_4  
                                                             
   73 000001A0 00000000        DCD              USIC0_4_IRQHandler
  191 000001A4                 Entry            USIC0_5_IRQHandler ; Handler na
                                                            me for SR USIC0_5  
                                                             
   73 000001A4 00000000        DCD              USIC0_5_IRQHandler
  192 000001A8                 Entry            USIC1_0_IRQHandler ; Handler na
                                                            me for SR USIC1_0  
                                                             
   73 000001A8 00000000        DCD              USIC1_0_IRQHandler
  193 000001AC                 Entry            USIC1_1_IRQHandler ; Handler na
                                                            me for SR USIC1_1  
                                                             
   73 000001AC 00000000        DCD              USIC1_1_IRQHandler
  194 000001B0                 Entry            USIC1_2_IRQHandler ; Handler na
                                                            me for SR USIC1_2  
                                                             
   73 000001B0 00000000        DCD              USIC1_2_IRQHandler
  195 000001B4                 Entry            USIC1_3_IRQHandler ; Handler na
                                                            me for SR USIC1_3  
                                                             
   73 000001B4 00000000        DCD              USIC1_3_IRQHandler
  196 000001B8                 Entry            USIC1_4_IRQHandler ; Handler na
                                                            me for SR USIC1_4  
                                                             
   73 000001B8 00000000        DCD              USIC1_4_IRQHandler
  197 000001BC                 Entry            USIC1_5_IRQHandler ; Handler na
                                                            me for SR USIC1_5  
                                                             
   73 000001BC 00000000        DCD              USIC1_5_IRQHandler
  198 000001C0                 Entry            USIC2_0_IRQHandler ; Handler na
                                                            me for SR USIC2_0
   73 000001C0 00000000        DCD              USIC2_0_IRQHandler
  199 000001C4                 Entry            USIC2_1_IRQHandler ; Handler na
                                                            me for SR USIC2_1  
                                                                           
   73 000001C4 00000000        DCD              USIC2_1_IRQHandler
  200 000001C8                 Entry            USIC2_2_IRQHandler ; Handler na
                                                            me for SR USIC2_2
   73 000001C8 00000000        DCD              USIC2_2_IRQHandler
  201 000001CC                 Entry            USIC2_3_IRQHandler ; Handler na
                                                            me for SR USIC2_3
   73 000001CC 00000000        DCD              USIC2_3_IRQHandler
  202 000001D0                 Entry            USIC2_4_IRQHandler ; Handler na
                                                            me for SR USIC2_4
   73 000001D0 00000000        DCD              USIC2_4_IRQHandler
  203 000001D4                 Entry            USIC2_5_IRQHandler ; Handler na



ARM Macro Assembler    Page 10 


                                                            me for SR USIC2_5
   73 000001D4 00000000        DCD              USIC2_5_IRQHandler
  204 000001D8                 Entry            LEDTS0_0_IRQHandler ; Handler n
                                                            ame for SR LEDTS0_0
                                                              
   73 000001D8 00000000        DCD              LEDTS0_0_IRQHandler
  205 000001DC 00000000        DCD              0           ; Not Available    
                                                                         
  206 000001E0                 Entry            FCE0_0_IRQHandler ; Handler nam
                                                            e for SR FCE0_0    
                                                            
   73 000001E0 00000000        DCD              FCE0_0_IRQHandler
  207 000001E4                 Entry            GPDMA0_0_IRQHandler ; Handler n
                                                            ame for SR GPDMA0_0
                                                              
   73 000001E4 00000000        DCD              GPDMA0_0_IRQHandler
  208 000001E8                 Entry            SDMMC0_0_IRQHandler ; Handler n
                                                            ame for SR SDMMC0_0
                                                                             
   73 000001E8 00000000        DCD              SDMMC0_0_IRQHandler
  209 000001EC                 Entry            USB0_0_IRQHandler ; Handler nam
                                                            e for SR USB0_0    
                                                            
   73 000001EC 00000000        DCD              USB0_0_IRQHandler
  210 000001F0                 Entry            ETH0_0_IRQHandler ; Handler nam
                                                            e for SR ETH0_0    
                                                            
   73 000001F0 00000000        DCD              ETH0_0_IRQHandler
  211 000001F4 00000000        DCD              0           ; Not Available    
                                                                         
  212 000001F8                 Entry            GPDMA1_0_IRQHandler ; Handler n
                                                            ame for SR GPDMA0_1
                                                            
   73 000001F8 00000000        DCD              GPDMA1_0_IRQHandler
  213 000001FC 00000000        DCD              0           ; Not Available    
                                                                         
  214 00000200         __Vectors_End
  215 00000200         
  216 00000200 00000200 
                       __Vectors_Size
                               EQU              __Vectors_End - __Vectors
  217 00000200         
  218 00000200                 AREA             |.text|, CODE, READONLY
  219 00000000         
  220 00000000         ; Reset Handler
  221 00000000         
  222 00000000         Reset_Handler
                               PROC
  223 00000000                 EXPORT           Reset_Handler           [WEAK]
  224 00000000                 IMPORT           SystemInit
  225 00000000                 IMPORT           __main
  226 00000000 F8DF D018       LDR              SP, =__initial_sp
  227 00000004 4806            LDR              R0, =SystemInit
  228 00000006 4780            BLX              R0
  229 00000008 4806            LDR              R0, =__main
  230 0000000A 4700            BX               R0
  231 0000000C                 ENDP
  232 0000000C         
  233 0000000C         ; Dummy Exception Handlers (infinite loops which can be 



ARM Macro Assembler    Page 11 


                       modified)
  234 0000000C         
  235 0000000C         Default_Handler
                               PROC
  236 0000000C                 EXPORT           NMI_Handler             [WEAK]
  237 0000000C                 EXPORT           HardFault_Handler       [WEAK]
  238 0000000C                 EXPORT           MemManage_Handler       [WEAK]
  239 0000000C                 EXPORT           BusFault_Handler        [WEAK]
  240 0000000C                 EXPORT           UsageFault_Handler      [WEAK]
  241 0000000C                 EXPORT           SVC_Handler             [WEAK]
  242 0000000C                 EXPORT           DebugMon_Handler        [WEAK]
  243 0000000C                 EXPORT           PendSV_Handler          [WEAK]
  244 0000000C                 EXPORT           SysTick_Handler         [WEAK]
  245 0000000C         
  246 0000000C                 EXPORT           SCU_0_IRQHandler        [WEAK]
  247 0000000C                 EXPORT           ERU0_0_IRQHandler       [WEAK]
  248 0000000C                 EXPORT           ERU0_1_IRQHandler       [WEAK]
  249 0000000C                 EXPORT           ERU0_2_IRQHandler       [WEAK]
  250 0000000C                 EXPORT           ERU0_3_IRQHandler       [WEAK]
  251 0000000C                 EXPORT           ERU1_0_IRQHandler       [WEAK]
  252 0000000C                 EXPORT           ERU1_1_IRQHandler       [WEAK]
  253 0000000C                 EXPORT           ERU1_2_IRQHandler       [WEAK]
  254 0000000C                 EXPORT           ERU1_3_IRQHandler       [WEAK]
  255 0000000C                 EXPORT           PMU0_0_IRQHandler       [WEAK]
  256 0000000C                 EXPORT           VADC0_C0_0_IRQHandler   [WEAK]
  257 0000000C                 EXPORT           VADC0_C0_1_IRQHandler   [WEAK]
  258 0000000C                 EXPORT           VADC0_C0_2_IRQHandler   [WEAK]
  259 0000000C                 EXPORT           VADC0_C0_3_IRQHandler   [WEAK]
  260 0000000C                 EXPORT           VADC0_G0_0_IRQHandler   [WEAK]
  261 0000000C                 EXPORT           VADC0_G0_1_IRQHandler   [WEAK]
  262 0000000C                 EXPORT           VADC0_G0_2_IRQHandler   [WEAK]
  263 0000000C                 EXPORT           VADC0_G0_3_IRQHandler   [WEAK]
  264 0000000C                 EXPORT           VADC0_G1_0_IRQHandler   [WEAK]
  265 0000000C                 EXPORT           VADC0_G1_1_IRQHandler   [WEAK]
  266 0000000C                 EXPORT           VADC0_G1_2_IRQHandler   [WEAK]
  267 0000000C                 EXPORT           VADC0_G1_3_IRQHandler   [WEAK]
  268 0000000C                 EXPORT           VADC0_G2_0_IRQHandler   [WEAK]
  269 0000000C                 EXPORT           VADC0_G2_1_IRQHandler   [WEAK]
  270 0000000C                 EXPORT           VADC0_G2_2_IRQHandler   [WEAK]
  271 0000000C                 EXPORT           VADC0_G2_3_IRQHandler   [WEAK]
  272 0000000C                 EXPORT           VADC0_G3_0_IRQHandler   [WEAK]
  273 0000000C                 EXPORT           VADC0_G3_1_IRQHandler   [WEAK]
  274 0000000C                 EXPORT           VADC0_G3_2_IRQHandler   [WEAK]
  275 0000000C                 EXPORT           VADC0_G3_3_IRQHandler   [WEAK]
  276 0000000C                 EXPORT           DSD0_0_IRQHandler       [WEAK]
  277 0000000C                 EXPORT           DSD0_1_IRQHandler       [WEAK]
  278 0000000C                 EXPORT           DSD0_2_IRQHandler       [WEAK]
  279 0000000C                 EXPORT           DSD0_3_IRQHandler       [WEAK]
  280 0000000C                 EXPORT           DSD0_4_IRQHandler       [WEAK]
  281 0000000C                 EXPORT           DSD0_5_IRQHandler       [WEAK]
  282 0000000C                 EXPORT           DSD0_6_IRQHandler       [WEAK]
  283 0000000C                 EXPORT           DSD0_7_IRQHandler       [WEAK]
  284 0000000C                 EXPORT           DAC0_0_IRQHandler       [WEAK]
  285 0000000C                 EXPORT           DAC0_1_IRQHandler       [WEAK]
  286 0000000C                 EXPORT           CCU40_0_IRQHandler      [WEAK]
  287 0000000C                 EXPORT           CCU40_1_IRQHandler      [WEAK]
  288 0000000C                 EXPORT           CCU40_2_IRQHandler      [WEAK]
  289 0000000C                 EXPORT           CCU40_3_IRQHandler      [WEAK]
  290 0000000C                 EXPORT           CCU41_0_IRQHandler      [WEAK]



ARM Macro Assembler    Page 12 


  291 0000000C                 EXPORT           CCU41_1_IRQHandler      [WEAK]
  292 0000000C                 EXPORT           CCU41_2_IRQHandler      [WEAK]
  293 0000000C                 EXPORT           CCU41_3_IRQHandler      [WEAK]
  294 0000000C                 EXPORT           CCU42_0_IRQHandler      [WEAK]
  295 0000000C                 EXPORT           CCU42_1_IRQHandler      [WEAK]
  296 0000000C                 EXPORT           CCU42_2_IRQHandler      [WEAK]
  297 0000000C                 EXPORT           CCU42_3_IRQHandler      [WEAK]
  298 0000000C                 EXPORT           CCU43_0_IRQHandler      [WEAK]
  299 0000000C                 EXPORT           CCU43_1_IRQHandler      [WEAK]
  300 0000000C                 EXPORT           CCU43_2_IRQHandler      [WEAK]
  301 0000000C                 EXPORT           CCU43_3_IRQHandler      [WEAK]
  302 0000000C                 EXPORT           CCU80_0_IRQHandler      [WEAK]
  303 0000000C                 EXPORT           CCU80_1_IRQHandler      [WEAK]
  304 0000000C                 EXPORT           CCU80_2_IRQHandler      [WEAK]
  305 0000000C                 EXPORT           CCU80_3_IRQHandler      [WEAK]
  306 0000000C                 EXPORT           CCU81_0_IRQHandler      [WEAK]
  307 0000000C                 EXPORT           CCU81_1_IRQHandler      [WEAK]
  308 0000000C                 EXPORT           CCU81_2_IRQHandler      [WEAK]
  309 0000000C                 EXPORT           CCU81_3_IRQHandler      [WEAK]
  310 0000000C                 EXPORT           POSIF0_0_IRQHandler     [WEAK]
  311 0000000C                 EXPORT           POSIF0_1_IRQHandler     [WEAK]
  312 0000000C                 EXPORT           POSIF1_0_IRQHandler     [WEAK]
  313 0000000C                 EXPORT           POSIF1_1_IRQHandler     [WEAK]
  314 0000000C                 EXPORT           CAN0_0_IRQHandler       [WEAK]
  315 0000000C                 EXPORT           CAN0_1_IRQHandler       [WEAK]
  316 0000000C                 EXPORT           CAN0_2_IRQHandler       [WEAK]
  317 0000000C                 EXPORT           CAN0_3_IRQHandler       [WEAK]
  318 0000000C                 EXPORT           CAN0_4_IRQHandler       [WEAK]
  319 0000000C                 EXPORT           CAN0_5_IRQHandler       [WEAK]
  320 0000000C                 EXPORT           CAN0_6_IRQHandler       [WEAK]
  321 0000000C                 EXPORT           CAN0_7_IRQHandler       [WEAK]
  322 0000000C                 EXPORT           USIC0_0_IRQHandler      [WEAK]
  323 0000000C                 EXPORT           USIC0_1_IRQHandler      [WEAK]
  324 0000000C                 EXPORT           USIC0_2_IRQHandler      [WEAK]
  325 0000000C                 EXPORT           USIC0_3_IRQHandler      [WEAK]
  326 0000000C                 EXPORT           USIC0_4_IRQHandler      [WEAK]
  327 0000000C                 EXPORT           USIC0_5_IRQHandler      [WEAK]
  328 0000000C                 EXPORT           USIC1_0_IRQHandler      [WEAK]
  329 0000000C                 EXPORT           USIC1_1_IRQHandler      [WEAK]
  330 0000000C                 EXPORT           USIC1_2_IRQHandler      [WEAK]
  331 0000000C                 EXPORT           USIC1_3_IRQHandler      [WEAK]
  332 0000000C                 EXPORT           USIC1_4_IRQHandler      [WEAK]
  333 0000000C                 EXPORT           USIC1_5_IRQHandler      [WEAK]
  334 0000000C                 EXPORT           USIC2_0_IRQHandler      [WEAK]
  335 0000000C                 EXPORT           USIC2_1_IRQHandler      [WEAK]
  336 0000000C                 EXPORT           USIC2_2_IRQHandler      [WEAK]
  337 0000000C                 EXPORT           USIC2_3_IRQHandler      [WEAK]
  338 0000000C                 EXPORT           USIC2_4_IRQHandler      [WEAK]
  339 0000000C                 EXPORT           USIC2_5_IRQHandler      [WEAK]
  340 0000000C                 EXPORT           LEDTS0_0_IRQHandler     [WEAK]
  341 0000000C                 EXPORT           FCE0_0_IRQHandler       [WEAK]
  342 0000000C                 EXPORT           GPDMA0_0_IRQHandler     [WEAK]
  343 0000000C                 EXPORT           SDMMC0_0_IRQHandler     [WEAK]
  344 0000000C                 EXPORT           USB0_0_IRQHandler       [WEAK]
  345 0000000C                 EXPORT           ETH0_0_IRQHandler       [WEAK]
  346 0000000C                 EXPORT           GPDMA1_0_IRQHandler     [WEAK]
  347 0000000C         
  348 0000000C         NMI_Handler
  349 0000000C         HardFault_Handler



ARM Macro Assembler    Page 13 


  350 0000000C         MemManage_Handler
  351 0000000C         BusFault_Handler
  352 0000000C         UsageFault_Handler
  353 0000000C         SVC_Handler
  354 0000000C         DebugMon_Handler
  355 0000000C         PendSV_Handler
  356 0000000C         SysTick_Handler
  357 0000000C         SCU_0_IRQHandler
  358 0000000C         ERU0_0_IRQHandler
  359 0000000C         ERU0_1_IRQHandler
  360 0000000C         ERU0_2_IRQHandler
  361 0000000C         ERU0_3_IRQHandler
  362 0000000C         ERU1_0_IRQHandler
  363 0000000C         ERU1_1_IRQHandler
  364 0000000C         ERU1_2_IRQHandler
  365 0000000C         ERU1_3_IRQHandler
  366 0000000C         PMU0_0_IRQHandler
  367 0000000C         VADC0_C0_0_IRQHandler
  368 0000000C         VADC0_C0_1_IRQHandler
  369 0000000C         VADC0_C0_2_IRQHandler
  370 0000000C         VADC0_C0_3_IRQHandler
  371 0000000C         VADC0_G0_0_IRQHandler
  372 0000000C         VADC0_G0_1_IRQHandler
  373 0000000C         VADC0_G0_2_IRQHandler
  374 0000000C         VADC0_G0_3_IRQHandler
  375 0000000C         VADC0_G1_0_IRQHandler
  376 0000000C         VADC0_G1_1_IRQHandler
  377 0000000C         VADC0_G1_2_IRQHandler
  378 0000000C         VADC0_G1_3_IRQHandler
  379 0000000C         VADC0_G2_0_IRQHandler
  380 0000000C         VADC0_G2_1_IRQHandler
  381 0000000C         VADC0_G2_2_IRQHandler
  382 0000000C         VADC0_G2_3_IRQHandler
  383 0000000C         VADC0_G3_0_IRQHandler
  384 0000000C         VADC0_G3_1_IRQHandler
  385 0000000C         VADC0_G3_2_IRQHandler
  386 0000000C         VADC0_G3_3_IRQHandler
  387 0000000C         DSD0_0_IRQHandler
  388 0000000C         DSD0_1_IRQHandler
  389 0000000C         DSD0_2_IRQHandler
  390 0000000C         DSD0_3_IRQHandler
  391 0000000C         DSD0_4_IRQHandler
  392 0000000C         DSD0_5_IRQHandler
  393 0000000C         DSD0_6_IRQHandler
  394 0000000C         DSD0_7_IRQHandler
  395 0000000C         DAC0_0_IRQHandler
  396 0000000C         DAC0_1_IRQHandler
  397 0000000C         CCU40_0_IRQHandler
  398 0000000C         CCU40_1_IRQHandler
  399 0000000C         CCU40_2_IRQHandler
  400 0000000C         CCU40_3_IRQHandler
  401 0000000C         CCU41_0_IRQHandler
  402 0000000C         CCU41_1_IRQHandler
  403 0000000C         CCU41_2_IRQHandler
  404 0000000C         CCU41_3_IRQHandler
  405 0000000C         CCU42_0_IRQHandler
  406 0000000C         CCU42_1_IRQHandler
  407 0000000C         CCU42_2_IRQHandler
  408 0000000C         CCU42_3_IRQHandler



ARM Macro Assembler    Page 14 


  409 0000000C         CCU43_0_IRQHandler
  410 0000000C         CCU43_1_IRQHandler
  411 0000000C         CCU43_2_IRQHandler
  412 0000000C         CCU43_3_IRQHandler
  413 0000000C         CCU80_0_IRQHandler
  414 0000000C         CCU80_1_IRQHandler
  415 0000000C         CCU80_2_IRQHandler
  416 0000000C         CCU80_3_IRQHandler
  417 0000000C         CCU81_0_IRQHandler
  418 0000000C         CCU81_1_IRQHandler
  419 0000000C         CCU81_2_IRQHandler
  420 0000000C         CCU81_3_IRQHandler
  421 0000000C         POSIF0_0_IRQHandler
  422 0000000C         POSIF0_1_IRQHandler
  423 0000000C         POSIF1_0_IRQHandler
  424 0000000C         POSIF1_1_IRQHandler
  425 0000000C         CAN0_0_IRQHandler
  426 0000000C         CAN0_1_IRQHandler
  427 0000000C         CAN0_2_IRQHandler
  428 0000000C         CAN0_3_IRQHandler
  429 0000000C         CAN0_4_IRQHandler
  430 0000000C         CAN0_5_IRQHandler
  431 0000000C         CAN0_6_IRQHandler
  432 0000000C         CAN0_7_IRQHandler
  433 0000000C         USIC0_0_IRQHandler
  434 0000000C         USIC0_1_IRQHandler
  435 0000000C         USIC0_2_IRQHandler
  436 0000000C         USIC0_3_IRQHandler
  437 0000000C         USIC0_4_IRQHandler
  438 0000000C         USIC0_5_IRQHandler
  439 0000000C         USIC1_0_IRQHandler
  440 0000000C         USIC1_1_IRQHandler
  441 0000000C         USIC1_2_IRQHandler
  442 0000000C         USIC1_3_IRQHandler
  443 0000000C         USIC1_4_IRQHandler
  444 0000000C         USIC1_5_IRQHandler
  445 0000000C         USIC2_0_IRQHandler
  446 0000000C         USIC2_1_IRQHandler
  447 0000000C         USIC2_2_IRQHandler
  448 0000000C         USIC2_3_IRQHandler
  449 0000000C         USIC2_4_IRQHandler
  450 0000000C         USIC2_5_IRQHandler
  451 0000000C         LEDTS0_0_IRQHandler
  452 0000000C         FCE0_0_IRQHandler
  453 0000000C         GPDMA0_0_IRQHandler
  454 0000000C         SDMMC0_0_IRQHandler
  455 0000000C         USB0_0_IRQHandler
  456 0000000C         ETH0_0_IRQHandler
  457 0000000C         GPDMA1_0_IRQHandler
  458 0000000C         
  459 0000000C E7FE            B                .
  460 0000000E         
  461 0000000E                 ENDP
  462 0000000E         
  463 0000000E                 IF               :DEF:ENABLE_CPU_CM_001_WORKAROU
ND
  592                          ENDIF
  593 0000000E         
  594 0000000E 00 00           ALIGN



ARM Macro Assembler    Page 15 


  595 00000010         
  596 00000010         ; User Initial Stack & Heap
  597 00000010         
  598 00000010                 IF               :DEF:__MICROLIB
  605 00000010         
  606 00000010                 IMPORT           __use_two_region_memory
  607 00000010                 EXPORT           __user_initial_stackheap
  608 00000010         __user_initial_stackheap
  609 00000010         
  610 00000010 4805            LDR              R0, =  Heap_Mem
  611 00000012 4906            LDR              R1, =(Stack_Mem + Stack_Size)
  612 00000014 4A06            LDR              R2, = (Heap_Mem +  Heap_Size)
  613 00000016 4B07            LDR              R3, = Stack_Mem
  614 00000018 4770            BX               LR
  615 0000001A         
  616 0000001A 00 00           ALIGN
  617 0000001C         
  618 0000001C                 ENDIF
  619 0000001C         
  620 0000001C         
  621 0000001C                 END
              00000000 
              00000000 
              00000000 
              00000000 
              00000800 
              00000200 
              00000000 
Command Line: --debug --xref --cpreproc --diag_suppress=9931 --cpu=Cortex-M4.fp
 --apcs=interwork --depend=.\objects\startup_xmc4500.d -o.\objects\startup_xmc4
500.o -IC:\Stuff\uVision_Projects\Abgabe\LEDMatrixBluetooth_V01\RTE -I"C:\Progr
am Files\Keil_v5\ARM\PACK\ARM\CMSIS\4.4.0\CMSIS\Include" -I"C:\Program Files\Ke
il_v5\ARM\PACK\Infineon\XMC4000_DFP\2.3.0\Device\XMC4500_series\Include" -I"C:\
Program Files\Keil_v5\ARM\PACK\Infineon\XMC4000_DFP\2.3.0\Device\XMClib\inc" --
predefine="__EVAL SETA 1" --predefine="__UVISION_VERSION SETA 516" --predefine=
"_RTE_ SETA 1" --predefine="XMC4500_F100x1024 SETA 1" --list=.\listings\startup
_xmc4500.lst RTE\Device\XMC4500-F100x1024\startup_XMC4500.s



ARM Macro Assembler    Page 1 Alphabetic symbol ordering
Relocatable symbols

STACK 00000000

Symbol: STACK
   Definitions
      At line 46 in file RTE\\Device\\XMC4500-F100x1024\\startup_XMC4500.s
   Uses
      None
Comment: STACK unused
Stack_Mem 00000000

Symbol: Stack_Mem
   Definitions
      At line 47 in file RTE\\Device\\XMC4500-F100x1024\\startup_XMC4500.s
   Uses
      At line 611 in file RTE\\Device\\XMC4500-F100x1024\\startup_XMC4500.s
      At line 613 in file RTE\\Device\\XMC4500-F100x1024\\startup_XMC4500.s

__initial_sp 00000800

Symbol: __initial_sp
   Definitions
      At line 48 in file RTE\\Device\\XMC4500-F100x1024\\startup_XMC4500.s
   Uses
      At line 84 in file RTE\\Device\\XMC4500-F100x1024\\startup_XMC4500.s
      At line 226 in file RTE\\Device\\XMC4500-F100x1024\\startup_XMC4500.s

3 symbols



ARM Macro Assembler    Page 1 Alphabetic symbol ordering
Relocatable symbols

HEAP 00000000

Symbol: HEAP
   Definitions
      At line 57 in file RTE\\Device\\XMC4500-F100x1024\\startup_XMC4500.s
   Uses
      None
Comment: HEAP unused
Heap_Mem 00000000

Symbol: Heap_Mem
   Definitions
      At line 59 in file RTE\\Device\\XMC4500-F100x1024\\startup_XMC4500.s
   Uses
      At line 610 in file RTE\\Device\\XMC4500-F100x1024\\startup_XMC4500.s
      At line 612 in file RTE\\Device\\XMC4500-F100x1024\\startup_XMC4500.s

__heap_base 00000000

Symbol: __heap_base
   Definitions
      At line 58 in file RTE\\Device\\XMC4500-F100x1024\\startup_XMC4500.s
   Uses
      None
Comment: __heap_base unused
__heap_limit 00000200

Symbol: __heap_limit
   Definitions
      At line 60 in file RTE\\Device\\XMC4500-F100x1024\\startup_XMC4500.s
   Uses
      None
Comment: __heap_limit unused
4 symbols



ARM Macro Assembler    Page 1 Alphabetic symbol ordering
Relocatable symbols

RESET 00000000

Symbol: RESET
   Definitions
      At line 79 in file RTE\\Device\\XMC4500-F100x1024\\startup_XMC4500.s
   Uses
      None
Comment: RESET unused
__Vectors 00000000

Symbol: __Vectors
   Definitions
      At line 84 in file RTE\\Device\\XMC4500-F100x1024\\startup_XMC4500.s
   Uses
      At line 80 in file RTE\\Device\\XMC4500-F100x1024\\startup_XMC4500.s
      At line 216 in file RTE\\Device\\XMC4500-F100x1024\\startup_XMC4500.s

__Vectors_End 00000200

Symbol: __Vectors_End
   Definitions
      At line 214 in file RTE\\Device\\XMC4500-F100x1024\\startup_XMC4500.s
   Uses
      At line 81 in file RTE\\Device\\XMC4500-F100x1024\\startup_XMC4500.s
      At line 216 in file RTE\\Device\\XMC4500-F100x1024\\startup_XMC4500.s

3 symbols



ARM Macro Assembler    Page 1 Alphabetic symbol ordering
Relocatable symbols

.text 00000000

Symbol: .text
   Definitions
      At line 218 in file RTE\\Device\\XMC4500-F100x1024\\startup_XMC4500.s
   Uses
      None
Comment: .text unused
BusFault_Handler 0000000C

Symbol: BusFault_Handler
   Definitions
      At line 351 in file RTE\\Device\\XMC4500-F100x1024\\startup_XMC4500.s
   Uses
      At line 73 in macro try
      at line 89 in file RTE\\Device\\XMC4500-F100x1024\\startup_XMC4500.s
      At line 239 in file RTE\\Device\\XMC4500-F100x1024\\startup_XMC4500.s

CAN0_0_IRQHandler 0000000C

Symbol: CAN0_0_IRQHandler
   Definitions
      At line 425 in file RTE\\Device\\XMC4500-F100x1024\\startup_XMC4500.s
   Uses
      At line 73 in macro try
      at line 178 in file RTE\\Device\\XMC4500-F100x1024\\startup_XMC4500.s
      At line 314 in file RTE\\Device\\XMC4500-F100x1024\\startup_XMC4500.s

CAN0_1_IRQHandler 0000000C

Symbol: CAN0_1_IRQHandler
   Definitions
      At line 426 in file RTE\\Device\\XMC4500-F100x1024\\startup_XMC4500.s
   Uses
      At line 73 in macro try
      at line 179 in file RTE\\Device\\XMC4500-F100x1024\\startup_XMC4500.s
      At line 315 in file RTE\\Device\\XMC4500-F100x1024\\startup_XMC4500.s

CAN0_2_IRQHandler 0000000C

Symbol: CAN0_2_IRQHandler
   Definitions
      At line 427 in file RTE\\Device\\XMC4500-F100x1024\\startup_XMC4500.s
   Uses
      At line 73 in macro try
      at line 180 in file RTE\\Device\\XMC4500-F100x1024\\startup_XMC4500.s
      At line 316 in file RTE\\Device\\XMC4500-F100x1024\\startup_XMC4500.s

CAN0_3_IRQHandler 0000000C

Symbol: CAN0_3_IRQHandler
   Definitions
      At line 428 in file RTE\\Device\\XMC4500-F100x1024\\startup_XMC4500.s
   Uses
      At line 73 in macro try
      at line 181 in file RTE\\Device\\XMC4500-F100x1024\\startup_XMC4500.s
      At line 317 in file RTE\\Device\\XMC4500-F100x1024\\startup_XMC4500.s

CAN0_4_IRQHandler 0000000C



ARM Macro Assembler    Page 2 Alphabetic symbol ordering
Relocatable symbols


Symbol: CAN0_4_IRQHandler
   Definitions
      At line 429 in file RTE\\Device\\XMC4500-F100x1024\\startup_XMC4500.s
   Uses
      At line 73 in macro try
      at line 182 in file RTE\\Device\\XMC4500-F100x1024\\startup_XMC4500.s
      At line 318 in file RTE\\Device\\XMC4500-F100x1024\\startup_XMC4500.s

CAN0_5_IRQHandler 0000000C

Symbol: CAN0_5_IRQHandler
   Definitions
      At line 430 in file RTE\\Device\\XMC4500-F100x1024\\startup_XMC4500.s
   Uses
      At line 73 in macro try
      at line 183 in file RTE\\Device\\XMC4500-F100x1024\\startup_XMC4500.s
      At line 319 in file RTE\\Device\\XMC4500-F100x1024\\startup_XMC4500.s

CAN0_6_IRQHandler 0000000C

Symbol: CAN0_6_IRQHandler
   Definitions
      At line 431 in file RTE\\Device\\XMC4500-F100x1024\\startup_XMC4500.s
   Uses
      At line 73 in macro try
      at line 184 in file RTE\\Device\\XMC4500-F100x1024\\startup_XMC4500.s
      At line 320 in file RTE\\Device\\XMC4500-F100x1024\\startup_XMC4500.s

CAN0_7_IRQHandler 0000000C

Symbol: CAN0_7_IRQHandler
   Definitions
      At line 432 in file RTE\\Device\\XMC4500-F100x1024\\startup_XMC4500.s
   Uses
      At line 73 in macro try
      at line 185 in file RTE\\Device\\XMC4500-F100x1024\\startup_XMC4500.s
      At line 321 in file RTE\\Device\\XMC4500-F100x1024\\startup_XMC4500.s

CCU40_0_IRQHandler 0000000C

Symbol: CCU40_0_IRQHandler
   Definitions
      At line 397 in file RTE\\Device\\XMC4500-F100x1024\\startup_XMC4500.s
   Uses
      At line 73 in macro try
      at line 146 in file RTE\\Device\\XMC4500-F100x1024\\startup_XMC4500.s
      At line 286 in file RTE\\Device\\XMC4500-F100x1024\\startup_XMC4500.s

CCU40_1_IRQHandler 0000000C

Symbol: CCU40_1_IRQHandler
   Definitions
      At line 398 in file RTE\\Device\\XMC4500-F100x1024\\startup_XMC4500.s
   Uses
      At line 73 in macro try
      at line 147 in file RTE\\Device\\XMC4500-F100x1024\\startup_XMC4500.s
      At line 287 in file RTE\\Device\\XMC4500-F100x1024\\startup_XMC4500.s




ARM Macro Assembler    Page 3 Alphabetic symbol ordering
Relocatable symbols

CCU40_2_IRQHandler 0000000C

Symbol: CCU40_2_IRQHandler
   Definitions
      At line 399 in file RTE\\Device\\XMC4500-F100x1024\\startup_XMC4500.s
   Uses
      At line 73 in macro try
      at line 148 in file RTE\\Device\\XMC4500-F100x1024\\startup_XMC4500.s
      At line 288 in file RTE\\Device\\XMC4500-F100x1024\\startup_XMC4500.s

CCU40_3_IRQHandler 0000000C

Symbol: CCU40_3_IRQHandler
   Definitions
      At line 400 in file RTE\\Device\\XMC4500-F100x1024\\startup_XMC4500.s
   Uses
      At line 73 in macro try
      at line 149 in file RTE\\Device\\XMC4500-F100x1024\\startup_XMC4500.s
      At line 289 in file RTE\\Device\\XMC4500-F100x1024\\startup_XMC4500.s

CCU41_0_IRQHandler 0000000C

Symbol: CCU41_0_IRQHandler
   Definitions
      At line 401 in file RTE\\Device\\XMC4500-F100x1024\\startup_XMC4500.s
   Uses
      At line 73 in macro try
      at line 150 in file RTE\\Device\\XMC4500-F100x1024\\startup_XMC4500.s
      At line 290 in file RTE\\Device\\XMC4500-F100x1024\\startup_XMC4500.s

CCU41_1_IRQHandler 0000000C

Symbol: CCU41_1_IRQHandler
   Definitions
      At line 402 in file RTE\\Device\\XMC4500-F100x1024\\startup_XMC4500.s
   Uses
      At line 73 in macro try
      at line 151 in file RTE\\Device\\XMC4500-F100x1024\\startup_XMC4500.s
      At line 291 in file RTE\\Device\\XMC4500-F100x1024\\startup_XMC4500.s

CCU41_2_IRQHandler 0000000C

Symbol: CCU41_2_IRQHandler
   Definitions
      At line 403 in file RTE\\Device\\XMC4500-F100x1024\\startup_XMC4500.s
   Uses
      At line 73 in macro try
      at line 152 in file RTE\\Device\\XMC4500-F100x1024\\startup_XMC4500.s
      At line 292 in file RTE\\Device\\XMC4500-F100x1024\\startup_XMC4500.s

CCU41_3_IRQHandler 0000000C

Symbol: CCU41_3_IRQHandler
   Definitions
      At line 404 in file RTE\\Device\\XMC4500-F100x1024\\startup_XMC4500.s
   Uses
      At line 73 in macro try
      at line 153 in file RTE\\Device\\XMC4500-F100x1024\\startup_XMC4500.s
      At line 293 in file RTE\\Device\\XMC4500-F100x1024\\startup_XMC4500.s



ARM Macro Assembler    Page 4 Alphabetic symbol ordering
Relocatable symbols


CCU42_0_IRQHandler 0000000C

Symbol: CCU42_0_IRQHandler
   Definitions
      At line 405 in file RTE\\Device\\XMC4500-F100x1024\\startup_XMC4500.s
   Uses
      At line 73 in macro try
      at line 154 in file RTE\\Device\\XMC4500-F100x1024\\startup_XMC4500.s
      At line 294 in file RTE\\Device\\XMC4500-F100x1024\\startup_XMC4500.s

CCU42_1_IRQHandler 0000000C

Symbol: CCU42_1_IRQHandler
   Definitions
      At line 406 in file RTE\\Device\\XMC4500-F100x1024\\startup_XMC4500.s
   Uses
      At line 73 in macro try
      at line 155 in file RTE\\Device\\XMC4500-F100x1024\\startup_XMC4500.s
      At line 295 in file RTE\\Device\\XMC4500-F100x1024\\startup_XMC4500.s

CCU42_2_IRQHandler 0000000C

Symbol: CCU42_2_IRQHandler
   Definitions
      At line 407 in file RTE\\Device\\XMC4500-F100x1024\\startup_XMC4500.s
   Uses
      At line 73 in macro try
      at line 156 in file RTE\\Device\\XMC4500-F100x1024\\startup_XMC4500.s
      At line 296 in file RTE\\Device\\XMC4500-F100x1024\\startup_XMC4500.s

CCU42_3_IRQHandler 0000000C

Symbol: CCU42_3_IRQHandler
   Definitions
      At line 408 in file RTE\\Device\\XMC4500-F100x1024\\startup_XMC4500.s
   Uses
      At line 73 in macro try
      at line 157 in file RTE\\Device\\XMC4500-F100x1024\\startup_XMC4500.s
      At line 297 in file RTE\\Device\\XMC4500-F100x1024\\startup_XMC4500.s

CCU43_0_IRQHandler 0000000C

Symbol: CCU43_0_IRQHandler
   Definitions
      At line 409 in file RTE\\Device\\XMC4500-F100x1024\\startup_XMC4500.s
   Uses
      At line 73 in macro try
      at line 158 in file RTE\\Device\\XMC4500-F100x1024\\startup_XMC4500.s
      At line 298 in file RTE\\Device\\XMC4500-F100x1024\\startup_XMC4500.s

CCU43_1_IRQHandler 0000000C

Symbol: CCU43_1_IRQHandler
   Definitions
      At line 410 in file RTE\\Device\\XMC4500-F100x1024\\startup_XMC4500.s
   Uses
      At line 73 in macro try
      at line 159 in file RTE\\Device\\XMC4500-F100x1024\\startup_XMC4500.s



ARM Macro Assembler    Page 5 Alphabetic symbol ordering
Relocatable symbols

      At line 299 in file RTE\\Device\\XMC4500-F100x1024\\startup_XMC4500.s

CCU43_2_IRQHandler 0000000C

Symbol: CCU43_2_IRQHandler
   Definitions
      At line 411 in file RTE\\Device\\XMC4500-F100x1024\\startup_XMC4500.s
   Uses
      At line 73 in macro try
      at line 160 in file RTE\\Device\\XMC4500-F100x1024\\startup_XMC4500.s
      At line 300 in file RTE\\Device\\XMC4500-F100x1024\\startup_XMC4500.s

CCU43_3_IRQHandler 0000000C

Symbol: CCU43_3_IRQHandler
   Definitions
      At line 412 in file RTE\\Device\\XMC4500-F100x1024\\startup_XMC4500.s
   Uses
      At line 73 in macro try
      at line 161 in file RTE\\Device\\XMC4500-F100x1024\\startup_XMC4500.s
      At line 301 in file RTE\\Device\\XMC4500-F100x1024\\startup_XMC4500.s

CCU80_0_IRQHandler 0000000C

Symbol: CCU80_0_IRQHandler
   Definitions
      At line 413 in file RTE\\Device\\XMC4500-F100x1024\\startup_XMC4500.s
   Uses
      At line 73 in macro try
      at line 162 in file RTE\\Device\\XMC4500-F100x1024\\startup_XMC4500.s
      At line 302 in file RTE\\Device\\XMC4500-F100x1024\\startup_XMC4500.s

CCU80_1_IRQHandler 0000000C

Symbol: CCU80_1_IRQHandler
   Definitions
      At line 414 in file RTE\\Device\\XMC4500-F100x1024\\startup_XMC4500.s
   Uses
      At line 73 in macro try
      at line 163 in file RTE\\Device\\XMC4500-F100x1024\\startup_XMC4500.s
      At line 303 in file RTE\\Device\\XMC4500-F100x1024\\startup_XMC4500.s

CCU80_2_IRQHandler 0000000C

Symbol: CCU80_2_IRQHandler
   Definitions
      At line 415 in file RTE\\Device\\XMC4500-F100x1024\\startup_XMC4500.s
   Uses
      At line 73 in macro try
      at line 164 in file RTE\\Device\\XMC4500-F100x1024\\startup_XMC4500.s
      At line 304 in file RTE\\Device\\XMC4500-F100x1024\\startup_XMC4500.s

CCU80_3_IRQHandler 0000000C

Symbol: CCU80_3_IRQHandler
   Definitions
      At line 416 in file RTE\\Device\\XMC4500-F100x1024\\startup_XMC4500.s
   Uses
      At line 73 in macro try



ARM Macro Assembler    Page 6 Alphabetic symbol ordering
Relocatable symbols

      at line 165 in file RTE\\Device\\XMC4500-F100x1024\\startup_XMC4500.s
      At line 305 in file RTE\\Device\\XMC4500-F100x1024\\startup_XMC4500.s

CCU81_0_IRQHandler 0000000C

Symbol: CCU81_0_IRQHandler
   Definitions
      At line 417 in file RTE\\Device\\XMC4500-F100x1024\\startup_XMC4500.s
   Uses
      At line 73 in macro try
      at line 166 in file RTE\\Device\\XMC4500-F100x1024\\startup_XMC4500.s
      At line 306 in file RTE\\Device\\XMC4500-F100x1024\\startup_XMC4500.s

CCU81_1_IRQHandler 0000000C

Symbol: CCU81_1_IRQHandler
   Definitions
      At line 418 in file RTE\\Device\\XMC4500-F100x1024\\startup_XMC4500.s
   Uses
      At line 73 in macro try
      at line 167 in file RTE\\Device\\XMC4500-F100x1024\\startup_XMC4500.s
      At line 307 in file RTE\\Device\\XMC4500-F100x1024\\startup_XMC4500.s

CCU81_2_IRQHandler 0000000C

Symbol: CCU81_2_IRQHandler
   Definitions
      At line 419 in file RTE\\Device\\XMC4500-F100x1024\\startup_XMC4500.s
   Uses
      At line 73 in macro try
      at line 168 in file RTE\\Device\\XMC4500-F100x1024\\startup_XMC4500.s
      At line 308 in file RTE\\Device\\XMC4500-F100x1024\\startup_XMC4500.s

CCU81_3_IRQHandler 0000000C

Symbol: CCU81_3_IRQHandler
   Definitions
      At line 420 in file RTE\\Device\\XMC4500-F100x1024\\startup_XMC4500.s
   Uses
      At line 73 in macro try
      at line 169 in file RTE\\Device\\XMC4500-F100x1024\\startup_XMC4500.s
      At line 309 in file RTE\\Device\\XMC4500-F100x1024\\startup_XMC4500.s

DAC0_0_IRQHandler 0000000C

Symbol: DAC0_0_IRQHandler
   Definitions
      At line 395 in file RTE\\Device\\XMC4500-F100x1024\\startup_XMC4500.s
   Uses
      At line 73 in macro try
      at line 144 in file RTE\\Device\\XMC4500-F100x1024\\startup_XMC4500.s
      At line 284 in file RTE\\Device\\XMC4500-F100x1024\\startup_XMC4500.s

DAC0_1_IRQHandler 0000000C

Symbol: DAC0_1_IRQHandler
   Definitions
      At line 396 in file RTE\\Device\\XMC4500-F100x1024\\startup_XMC4500.s
   Uses



ARM Macro Assembler    Page 7 Alphabetic symbol ordering
Relocatable symbols

      At line 73 in macro try
      at line 145 in file RTE\\Device\\XMC4500-F100x1024\\startup_XMC4500.s
      At line 285 in file RTE\\Device\\XMC4500-F100x1024\\startup_XMC4500.s

DSD0_0_IRQHandler 0000000C

Symbol: DSD0_0_IRQHandler
   Definitions
      At line 387 in file RTE\\Device\\XMC4500-F100x1024\\startup_XMC4500.s
   Uses
      At line 73 in macro try
      at line 136 in file RTE\\Device\\XMC4500-F100x1024\\startup_XMC4500.s
      At line 276 in file RTE\\Device\\XMC4500-F100x1024\\startup_XMC4500.s

DSD0_1_IRQHandler 0000000C

Symbol: DSD0_1_IRQHandler
   Definitions
      At line 388 in file RTE\\Device\\XMC4500-F100x1024\\startup_XMC4500.s
   Uses
      At line 73 in macro try
      at line 137 in file RTE\\Device\\XMC4500-F100x1024\\startup_XMC4500.s
      At line 277 in file RTE\\Device\\XMC4500-F100x1024\\startup_XMC4500.s

DSD0_2_IRQHandler 0000000C

Symbol: DSD0_2_IRQHandler
   Definitions
      At line 389 in file RTE\\Device\\XMC4500-F100x1024\\startup_XMC4500.s
   Uses
      At line 73 in macro try
      at line 138 in file RTE\\Device\\XMC4500-F100x1024\\startup_XMC4500.s
      At line 278 in file RTE\\Device\\XMC4500-F100x1024\\startup_XMC4500.s

DSD0_3_IRQHandler 0000000C

Symbol: DSD0_3_IRQHandler
   Definitions
      At line 390 in file RTE\\Device\\XMC4500-F100x1024\\startup_XMC4500.s
   Uses
      At line 73 in macro try
      at line 139 in file RTE\\Device\\XMC4500-F100x1024\\startup_XMC4500.s
      At line 279 in file RTE\\Device\\XMC4500-F100x1024\\startup_XMC4500.s

DSD0_4_IRQHandler 0000000C

Symbol: DSD0_4_IRQHandler
   Definitions
      At line 391 in file RTE\\Device\\XMC4500-F100x1024\\startup_XMC4500.s
   Uses
      At line 73 in macro try
      at line 140 in file RTE\\Device\\XMC4500-F100x1024\\startup_XMC4500.s
      At line 280 in file RTE\\Device\\XMC4500-F100x1024\\startup_XMC4500.s

DSD0_5_IRQHandler 0000000C

Symbol: DSD0_5_IRQHandler
   Definitions
      At line 392 in file RTE\\Device\\XMC4500-F100x1024\\startup_XMC4500.s



ARM Macro Assembler    Page 8 Alphabetic symbol ordering
Relocatable symbols

   Uses
      At line 73 in macro try
      at line 141 in file RTE\\Device\\XMC4500-F100x1024\\startup_XMC4500.s
      At line 281 in file RTE\\Device\\XMC4500-F100x1024\\startup_XMC4500.s

DSD0_6_IRQHandler 0000000C

Symbol: DSD0_6_IRQHandler
   Definitions
      At line 393 in file RTE\\Device\\XMC4500-F100x1024\\startup_XMC4500.s
   Uses
      At line 73 in macro try
      at line 142 in file RTE\\Device\\XMC4500-F100x1024\\startup_XMC4500.s
      At line 282 in file RTE\\Device\\XMC4500-F100x1024\\startup_XMC4500.s

DSD0_7_IRQHandler 0000000C

Symbol: DSD0_7_IRQHandler
   Definitions
      At line 394 in file RTE\\Device\\XMC4500-F100x1024\\startup_XMC4500.s
   Uses
      At line 73 in macro try
      at line 143 in file RTE\\Device\\XMC4500-F100x1024\\startup_XMC4500.s
      At line 283 in file RTE\\Device\\XMC4500-F100x1024\\startup_XMC4500.s

DebugMon_Handler 0000000C

Symbol: DebugMon_Handler
   Definitions
      At line 354 in file RTE\\Device\\XMC4500-F100x1024\\startup_XMC4500.s
   Uses
      At line 73 in macro try
      at line 96 in file RTE\\Device\\XMC4500-F100x1024\\startup_XMC4500.s
      At line 242 in file RTE\\Device\\XMC4500-F100x1024\\startup_XMC4500.s

Default_Handler 0000000C

Symbol: Default_Handler
   Definitions
      At line 235 in file RTE\\Device\\XMC4500-F100x1024\\startup_XMC4500.s
   Uses
      None
Comment: Default_Handler unused
ERU0_0_IRQHandler 0000000C

Symbol: ERU0_0_IRQHandler
   Definitions
      At line 358 in file RTE\\Device\\XMC4500-F100x1024\\startup_XMC4500.s
   Uses
      At line 73 in macro try
      at line 103 in file RTE\\Device\\XMC4500-F100x1024\\startup_XMC4500.s
      At line 247 in file RTE\\Device\\XMC4500-F100x1024\\startup_XMC4500.s

ERU0_1_IRQHandler 0000000C

Symbol: ERU0_1_IRQHandler
   Definitions
      At line 359 in file RTE\\Device\\XMC4500-F100x1024\\startup_XMC4500.s
   Uses



ARM Macro Assembler    Page 9 Alphabetic symbol ordering
Relocatable symbols

      At line 73 in macro try
      at line 104 in file RTE\\Device\\XMC4500-F100x1024\\startup_XMC4500.s
      At line 248 in file RTE\\Device\\XMC4500-F100x1024\\startup_XMC4500.s

ERU0_2_IRQHandler 0000000C

Symbol: ERU0_2_IRQHandler
   Definitions
      At line 360 in file RTE\\Device\\XMC4500-F100x1024\\startup_XMC4500.s
   Uses
      At line 73 in macro try
      at line 105 in file RTE\\Device\\XMC4500-F100x1024\\startup_XMC4500.s
      At line 249 in file RTE\\Device\\XMC4500-F100x1024\\startup_XMC4500.s

ERU0_3_IRQHandler 0000000C

Symbol: ERU0_3_IRQHandler
   Definitions
      At line 361 in file RTE\\Device\\XMC4500-F100x1024\\startup_XMC4500.s
   Uses
      At line 73 in macro try
      at line 106 in file RTE\\Device\\XMC4500-F100x1024\\startup_XMC4500.s
      At line 250 in file RTE\\Device\\XMC4500-F100x1024\\startup_XMC4500.s

ERU1_0_IRQHandler 0000000C

Symbol: ERU1_0_IRQHandler
   Definitions
      At line 362 in file RTE\\Device\\XMC4500-F100x1024\\startup_XMC4500.s
   Uses
      At line 73 in macro try
      at line 107 in file RTE\\Device\\XMC4500-F100x1024\\startup_XMC4500.s
      At line 251 in file RTE\\Device\\XMC4500-F100x1024\\startup_XMC4500.s

ERU1_1_IRQHandler 0000000C

Symbol: ERU1_1_IRQHandler
   Definitions
      At line 363 in file RTE\\Device\\XMC4500-F100x1024\\startup_XMC4500.s
   Uses
      At line 73 in macro try
      at line 108 in file RTE\\Device\\XMC4500-F100x1024\\startup_XMC4500.s
      At line 252 in file RTE\\Device\\XMC4500-F100x1024\\startup_XMC4500.s

ERU1_2_IRQHandler 0000000C

Symbol: ERU1_2_IRQHandler
   Definitions
      At line 364 in file RTE\\Device\\XMC4500-F100x1024\\startup_XMC4500.s
   Uses
      At line 73 in macro try
      at line 109 in file RTE\\Device\\XMC4500-F100x1024\\startup_XMC4500.s
      At line 253 in file RTE\\Device\\XMC4500-F100x1024\\startup_XMC4500.s

ERU1_3_IRQHandler 0000000C

Symbol: ERU1_3_IRQHandler
   Definitions
      At line 365 in file RTE\\Device\\XMC4500-F100x1024\\startup_XMC4500.s



ARM Macro Assembler    Page 10 Alphabetic symbol ordering
Relocatable symbols

   Uses
      At line 73 in macro try
      at line 110 in file RTE\\Device\\XMC4500-F100x1024\\startup_XMC4500.s
      At line 254 in file RTE\\Device\\XMC4500-F100x1024\\startup_XMC4500.s

ETH0_0_IRQHandler 0000000C

Symbol: ETH0_0_IRQHandler
   Definitions
      At line 456 in file RTE\\Device\\XMC4500-F100x1024\\startup_XMC4500.s
   Uses
      At line 73 in macro try
      at line 210 in file RTE\\Device\\XMC4500-F100x1024\\startup_XMC4500.s
      At line 345 in file RTE\\Device\\XMC4500-F100x1024\\startup_XMC4500.s

FCE0_0_IRQHandler 0000000C

Symbol: FCE0_0_IRQHandler
   Definitions
      At line 452 in file RTE\\Device\\XMC4500-F100x1024\\startup_XMC4500.s
   Uses
      At line 73 in macro try
      at line 206 in file RTE\\Device\\XMC4500-F100x1024\\startup_XMC4500.s
      At line 341 in file RTE\\Device\\XMC4500-F100x1024\\startup_XMC4500.s

GPDMA0_0_IRQHandler 0000000C

Symbol: GPDMA0_0_IRQHandler
   Definitions
      At line 453 in file RTE\\Device\\XMC4500-F100x1024\\startup_XMC4500.s
   Uses
      At line 73 in macro try
      at line 207 in file RTE\\Device\\XMC4500-F100x1024\\startup_XMC4500.s
      At line 342 in file RTE\\Device\\XMC4500-F100x1024\\startup_XMC4500.s

GPDMA1_0_IRQHandler 0000000C

Symbol: GPDMA1_0_IRQHandler
   Definitions
      At line 457 in file RTE\\Device\\XMC4500-F100x1024\\startup_XMC4500.s
   Uses
      At line 73 in macro try
      at line 212 in file RTE\\Device\\XMC4500-F100x1024\\startup_XMC4500.s
      At line 346 in file RTE\\Device\\XMC4500-F100x1024\\startup_XMC4500.s

HardFault_Handler 0000000C

Symbol: HardFault_Handler
   Definitions
      At line 349 in file RTE\\Device\\XMC4500-F100x1024\\startup_XMC4500.s
   Uses
      At line 73 in macro try
      at line 87 in file RTE\\Device\\XMC4500-F100x1024\\startup_XMC4500.s
      At line 237 in file RTE\\Device\\XMC4500-F100x1024\\startup_XMC4500.s

LEDTS0_0_IRQHandler 0000000C

Symbol: LEDTS0_0_IRQHandler
   Definitions



ARM Macro Assembler    Page 11 Alphabetic symbol ordering
Relocatable symbols

      At line 451 in file RTE\\Device\\XMC4500-F100x1024\\startup_XMC4500.s
   Uses
      At line 73 in macro try
      at line 204 in file RTE\\Device\\XMC4500-F100x1024\\startup_XMC4500.s
      At line 340 in file RTE\\Device\\XMC4500-F100x1024\\startup_XMC4500.s

MemManage_Handler 0000000C

Symbol: MemManage_Handler
   Definitions
      At line 350 in file RTE\\Device\\XMC4500-F100x1024\\startup_XMC4500.s
   Uses
      At line 73 in macro try
      at line 88 in file RTE\\Device\\XMC4500-F100x1024\\startup_XMC4500.s
      At line 238 in file RTE\\Device\\XMC4500-F100x1024\\startup_XMC4500.s

NMI_Handler 0000000C

Symbol: NMI_Handler
   Definitions
      At line 348 in file RTE\\Device\\XMC4500-F100x1024\\startup_XMC4500.s
   Uses
      At line 73 in macro try
      at line 86 in file RTE\\Device\\XMC4500-F100x1024\\startup_XMC4500.s
      At line 236 in file RTE\\Device\\XMC4500-F100x1024\\startup_XMC4500.s

PMU0_0_IRQHandler 0000000C

Symbol: PMU0_0_IRQHandler
   Definitions
      At line 366 in file RTE\\Device\\XMC4500-F100x1024\\startup_XMC4500.s
   Uses
      At line 73 in macro try
      at line 114 in file RTE\\Device\\XMC4500-F100x1024\\startup_XMC4500.s
      At line 255 in file RTE\\Device\\XMC4500-F100x1024\\startup_XMC4500.s

POSIF0_0_IRQHandler 0000000C

Symbol: POSIF0_0_IRQHandler
   Definitions
      At line 421 in file RTE\\Device\\XMC4500-F100x1024\\startup_XMC4500.s
   Uses
      At line 73 in macro try
      at line 170 in file RTE\\Device\\XMC4500-F100x1024\\startup_XMC4500.s
      At line 310 in file RTE\\Device\\XMC4500-F100x1024\\startup_XMC4500.s

POSIF0_1_IRQHandler 0000000C

Symbol: POSIF0_1_IRQHandler
   Definitions
      At line 422 in file RTE\\Device\\XMC4500-F100x1024\\startup_XMC4500.s
   Uses
      At line 73 in macro try
      at line 171 in file RTE\\Device\\XMC4500-F100x1024\\startup_XMC4500.s
      At line 311 in file RTE\\Device\\XMC4500-F100x1024\\startup_XMC4500.s

POSIF1_0_IRQHandler 0000000C

Symbol: POSIF1_0_IRQHandler



ARM Macro Assembler    Page 12 Alphabetic symbol ordering
Relocatable symbols

   Definitions
      At line 423 in file RTE\\Device\\XMC4500-F100x1024\\startup_XMC4500.s
   Uses
      At line 73 in macro try
      at line 172 in file RTE\\Device\\XMC4500-F100x1024\\startup_XMC4500.s
      At line 312 in file RTE\\Device\\XMC4500-F100x1024\\startup_XMC4500.s

POSIF1_1_IRQHandler 0000000C

Symbol: POSIF1_1_IRQHandler
   Definitions
      At line 424 in file RTE\\Device\\XMC4500-F100x1024\\startup_XMC4500.s
   Uses
      At line 73 in macro try
      at line 173 in file RTE\\Device\\XMC4500-F100x1024\\startup_XMC4500.s
      At line 313 in file RTE\\Device\\XMC4500-F100x1024\\startup_XMC4500.s

PendSV_Handler 0000000C

Symbol: PendSV_Handler
   Definitions
      At line 355 in file RTE\\Device\\XMC4500-F100x1024\\startup_XMC4500.s
   Uses
      At line 73 in macro try
      at line 98 in file RTE\\Device\\XMC4500-F100x1024\\startup_XMC4500.s
      At line 243 in file RTE\\Device\\XMC4500-F100x1024\\startup_XMC4500.s

Reset_Handler 00000000

Symbol: Reset_Handler
   Definitions
      At line 222 in file RTE\\Device\\XMC4500-F100x1024\\startup_XMC4500.s
   Uses
      At line 85 in file RTE\\Device\\XMC4500-F100x1024\\startup_XMC4500.s
      At line 223 in file RTE\\Device\\XMC4500-F100x1024\\startup_XMC4500.s

SCU_0_IRQHandler 0000000C

Symbol: SCU_0_IRQHandler
   Definitions
      At line 357 in file RTE\\Device\\XMC4500-F100x1024\\startup_XMC4500.s
   Uses
      At line 73 in macro try
      at line 102 in file RTE\\Device\\XMC4500-F100x1024\\startup_XMC4500.s
      At line 246 in file RTE\\Device\\XMC4500-F100x1024\\startup_XMC4500.s

SDMMC0_0_IRQHandler 0000000C

Symbol: SDMMC0_0_IRQHandler
   Definitions
      At line 454 in file RTE\\Device\\XMC4500-F100x1024\\startup_XMC4500.s
   Uses
      At line 73 in macro try
      at line 208 in file RTE\\Device\\XMC4500-F100x1024\\startup_XMC4500.s
      At line 343 in file RTE\\Device\\XMC4500-F100x1024\\startup_XMC4500.s

SVC_Handler 0000000C

Symbol: SVC_Handler



ARM Macro Assembler    Page 13 Alphabetic symbol ordering
Relocatable symbols

   Definitions
      At line 353 in file RTE\\Device\\XMC4500-F100x1024\\startup_XMC4500.s
   Uses
      At line 73 in macro try
      at line 95 in file RTE\\Device\\XMC4500-F100x1024\\startup_XMC4500.s
      At line 241 in file RTE\\Device\\XMC4500-F100x1024\\startup_XMC4500.s

SysTick_Handler 0000000C

Symbol: SysTick_Handler
   Definitions
      At line 356 in file RTE\\Device\\XMC4500-F100x1024\\startup_XMC4500.s
   Uses
      At line 73 in macro try
      at line 99 in file RTE\\Device\\XMC4500-F100x1024\\startup_XMC4500.s
      At line 244 in file RTE\\Device\\XMC4500-F100x1024\\startup_XMC4500.s

USB0_0_IRQHandler 0000000C

Symbol: USB0_0_IRQHandler
   Definitions
      At line 455 in file RTE\\Device\\XMC4500-F100x1024\\startup_XMC4500.s
   Uses
      At line 73 in macro try
      at line 209 in file RTE\\Device\\XMC4500-F100x1024\\startup_XMC4500.s
      At line 344 in file RTE\\Device\\XMC4500-F100x1024\\startup_XMC4500.s

USIC0_0_IRQHandler 0000000C

Symbol: USIC0_0_IRQHandler
   Definitions
      At line 433 in file RTE\\Device\\XMC4500-F100x1024\\startup_XMC4500.s
   Uses
      At line 73 in macro try
      at line 186 in file RTE\\Device\\XMC4500-F100x1024\\startup_XMC4500.s
      At line 322 in file RTE\\Device\\XMC4500-F100x1024\\startup_XMC4500.s

USIC0_1_IRQHandler 0000000C

Symbol: USIC0_1_IRQHandler
   Definitions
      At line 434 in file RTE\\Device\\XMC4500-F100x1024\\startup_XMC4500.s
   Uses
      At line 73 in macro try
      at line 187 in file RTE\\Device\\XMC4500-F100x1024\\startup_XMC4500.s
      At line 323 in file RTE\\Device\\XMC4500-F100x1024\\startup_XMC4500.s

USIC0_2_IRQHandler 0000000C

Symbol: USIC0_2_IRQHandler
   Definitions
      At line 435 in file RTE\\Device\\XMC4500-F100x1024\\startup_XMC4500.s
   Uses
      At line 73 in macro try
      at line 188 in file RTE\\Device\\XMC4500-F100x1024\\startup_XMC4500.s
      At line 324 in file RTE\\Device\\XMC4500-F100x1024\\startup_XMC4500.s

USIC0_3_IRQHandler 0000000C




ARM Macro Assembler    Page 14 Alphabetic symbol ordering
Relocatable symbols

Symbol: USIC0_3_IRQHandler
   Definitions
      At line 436 in file RTE\\Device\\XMC4500-F100x1024\\startup_XMC4500.s
   Uses
      At line 73 in macro try
      at line 189 in file RTE\\Device\\XMC4500-F100x1024\\startup_XMC4500.s
      At line 325 in file RTE\\Device\\XMC4500-F100x1024\\startup_XMC4500.s

USIC0_4_IRQHandler 0000000C

Symbol: USIC0_4_IRQHandler
   Definitions
      At line 437 in file RTE\\Device\\XMC4500-F100x1024\\startup_XMC4500.s
   Uses
      At line 73 in macro try
      at line 190 in file RTE\\Device\\XMC4500-F100x1024\\startup_XMC4500.s
      At line 326 in file RTE\\Device\\XMC4500-F100x1024\\startup_XMC4500.s

USIC0_5_IRQHandler 0000000C

Symbol: USIC0_5_IRQHandler
   Definitions
      At line 438 in file RTE\\Device\\XMC4500-F100x1024\\startup_XMC4500.s
   Uses
      At line 73 in macro try
      at line 191 in file RTE\\Device\\XMC4500-F100x1024\\startup_XMC4500.s
      At line 327 in file RTE\\Device\\XMC4500-F100x1024\\startup_XMC4500.s

USIC1_0_IRQHandler 0000000C

Symbol: USIC1_0_IRQHandler
   Definitions
      At line 439 in file RTE\\Device\\XMC4500-F100x1024\\startup_XMC4500.s
   Uses
      At line 73 in macro try
      at line 192 in file RTE\\Device\\XMC4500-F100x1024\\startup_XMC4500.s
      At line 328 in file RTE\\Device\\XMC4500-F100x1024\\startup_XMC4500.s

USIC1_1_IRQHandler 0000000C

Symbol: USIC1_1_IRQHandler
   Definitions
      At line 440 in file RTE\\Device\\XMC4500-F100x1024\\startup_XMC4500.s
   Uses
      At line 73 in macro try
      at line 193 in file RTE\\Device\\XMC4500-F100x1024\\startup_XMC4500.s
      At line 329 in file RTE\\Device\\XMC4500-F100x1024\\startup_XMC4500.s

USIC1_2_IRQHandler 0000000C

Symbol: USIC1_2_IRQHandler
   Definitions
      At line 441 in file RTE\\Device\\XMC4500-F100x1024\\startup_XMC4500.s
   Uses
      At line 73 in macro try
      at line 194 in file RTE\\Device\\XMC4500-F100x1024\\startup_XMC4500.s
      At line 330 in file RTE\\Device\\XMC4500-F100x1024\\startup_XMC4500.s

USIC1_3_IRQHandler 0000000C



ARM Macro Assembler    Page 15 Alphabetic symbol ordering
Relocatable symbols


Symbol: USIC1_3_IRQHandler
   Definitions
      At line 442 in file RTE\\Device\\XMC4500-F100x1024\\startup_XMC4500.s
   Uses
      At line 73 in macro try
      at line 195 in file RTE\\Device\\XMC4500-F100x1024\\startup_XMC4500.s
      At line 331 in file RTE\\Device\\XMC4500-F100x1024\\startup_XMC4500.s

USIC1_4_IRQHandler 0000000C

Symbol: USIC1_4_IRQHandler
   Definitions
      At line 443 in file RTE\\Device\\XMC4500-F100x1024\\startup_XMC4500.s
   Uses
      At line 73 in macro try
      at line 196 in file RTE\\Device\\XMC4500-F100x1024\\startup_XMC4500.s
      At line 332 in file RTE\\Device\\XMC4500-F100x1024\\startup_XMC4500.s

USIC1_5_IRQHandler 0000000C

Symbol: USIC1_5_IRQHandler
   Definitions
      At line 444 in file RTE\\Device\\XMC4500-F100x1024\\startup_XMC4500.s
   Uses
      At line 73 in macro try
      at line 197 in file RTE\\Device\\XMC4500-F100x1024\\startup_XMC4500.s
      At line 333 in file RTE\\Device\\XMC4500-F100x1024\\startup_XMC4500.s

USIC2_0_IRQHandler 0000000C

Symbol: USIC2_0_IRQHandler
   Definitions
      At line 445 in file RTE\\Device\\XMC4500-F100x1024\\startup_XMC4500.s
   Uses
      At line 73 in macro try
      at line 198 in file RTE\\Device\\XMC4500-F100x1024\\startup_XMC4500.s
      At line 334 in file RTE\\Device\\XMC4500-F100x1024\\startup_XMC4500.s

USIC2_1_IRQHandler 0000000C

Symbol: USIC2_1_IRQHandler
   Definitions
      At line 446 in file RTE\\Device\\XMC4500-F100x1024\\startup_XMC4500.s
   Uses
      At line 73 in macro try
      at line 199 in file RTE\\Device\\XMC4500-F100x1024\\startup_XMC4500.s
      At line 335 in file RTE\\Device\\XMC4500-F100x1024\\startup_XMC4500.s

USIC2_2_IRQHandler 0000000C

Symbol: USIC2_2_IRQHandler
   Definitions
      At line 447 in file RTE\\Device\\XMC4500-F100x1024\\startup_XMC4500.s
   Uses
      At line 73 in macro try
      at line 200 in file RTE\\Device\\XMC4500-F100x1024\\startup_XMC4500.s
      At line 336 in file RTE\\Device\\XMC4500-F100x1024\\startup_XMC4500.s




ARM Macro Assembler    Page 16 Alphabetic symbol ordering
Relocatable symbols

USIC2_3_IRQHandler 0000000C

Symbol: USIC2_3_IRQHandler
   Definitions
      At line 448 in file RTE\\Device\\XMC4500-F100x1024\\startup_XMC4500.s
   Uses
      At line 73 in macro try
      at line 201 in file RTE\\Device\\XMC4500-F100x1024\\startup_XMC4500.s
      At line 337 in file RTE\\Device\\XMC4500-F100x1024\\startup_XMC4500.s

USIC2_4_IRQHandler 0000000C

Symbol: USIC2_4_IRQHandler
   Definitions
      At line 449 in file RTE\\Device\\XMC4500-F100x1024\\startup_XMC4500.s
   Uses
      At line 73 in macro try
      at line 202 in file RTE\\Device\\XMC4500-F100x1024\\startup_XMC4500.s
      At line 338 in file RTE\\Device\\XMC4500-F100x1024\\startup_XMC4500.s

USIC2_5_IRQHandler 0000000C

Symbol: USIC2_5_IRQHandler
   Definitions
      At line 450 in file RTE\\Device\\XMC4500-F100x1024\\startup_XMC4500.s
   Uses
      At line 73 in macro try
      at line 203 in file RTE\\Device\\XMC4500-F100x1024\\startup_XMC4500.s
      At line 339 in file RTE\\Device\\XMC4500-F100x1024\\startup_XMC4500.s

UsageFault_Handler 0000000C

Symbol: UsageFault_Handler
   Definitions
      At line 352 in file RTE\\Device\\XMC4500-F100x1024\\startup_XMC4500.s
   Uses
      At line 73 in macro try
      at line 90 in file RTE\\Device\\XMC4500-F100x1024\\startup_XMC4500.s
      At line 240 in file RTE\\Device\\XMC4500-F100x1024\\startup_XMC4500.s

VADC0_C0_0_IRQHandler 0000000C

Symbol: VADC0_C0_0_IRQHandler
   Definitions
      At line 367 in file RTE\\Device\\XMC4500-F100x1024\\startup_XMC4500.s
   Uses
      At line 73 in macro try
      at line 116 in file RTE\\Device\\XMC4500-F100x1024\\startup_XMC4500.s
      At line 256 in file RTE\\Device\\XMC4500-F100x1024\\startup_XMC4500.s

VADC0_C0_1_IRQHandler 0000000C

Symbol: VADC0_C0_1_IRQHandler
   Definitions
      At line 368 in file RTE\\Device\\XMC4500-F100x1024\\startup_XMC4500.s
   Uses
      At line 73 in macro try
      at line 117 in file RTE\\Device\\XMC4500-F100x1024\\startup_XMC4500.s
      At line 257 in file RTE\\Device\\XMC4500-F100x1024\\startup_XMC4500.s



ARM Macro Assembler    Page 17 Alphabetic symbol ordering
Relocatable symbols


VADC0_C0_2_IRQHandler 0000000C

Symbol: VADC0_C0_2_IRQHandler
   Definitions
      At line 369 in file RTE\\Device\\XMC4500-F100x1024\\startup_XMC4500.s
   Uses
      At line 73 in macro try
      at line 118 in file RTE\\Device\\XMC4500-F100x1024\\startup_XMC4500.s
      At line 258 in file RTE\\Device\\XMC4500-F100x1024\\startup_XMC4500.s

VADC0_C0_3_IRQHandler 0000000C

Symbol: VADC0_C0_3_IRQHandler
   Definitions
      At line 370 in file RTE\\Device\\XMC4500-F100x1024\\startup_XMC4500.s
   Uses
      At line 73 in macro try
      at line 119 in file RTE\\Device\\XMC4500-F100x1024\\startup_XMC4500.s
      At line 259 in file RTE\\Device\\XMC4500-F100x1024\\startup_XMC4500.s

VADC0_G0_0_IRQHandler 0000000C

Symbol: VADC0_G0_0_IRQHandler
   Definitions
      At line 371 in file RTE\\Device\\XMC4500-F100x1024\\startup_XMC4500.s
   Uses
      At line 73 in macro try
      at line 120 in file RTE\\Device\\XMC4500-F100x1024\\startup_XMC4500.s
      At line 260 in file RTE\\Device\\XMC4500-F100x1024\\startup_XMC4500.s

VADC0_G0_1_IRQHandler 0000000C

Symbol: VADC0_G0_1_IRQHandler
   Definitions
      At line 372 in file RTE\\Device\\XMC4500-F100x1024\\startup_XMC4500.s
   Uses
      At line 73 in macro try
      at line 121 in file RTE\\Device\\XMC4500-F100x1024\\startup_XMC4500.s
      At line 261 in file RTE\\Device\\XMC4500-F100x1024\\startup_XMC4500.s

VADC0_G0_2_IRQHandler 0000000C

Symbol: VADC0_G0_2_IRQHandler
   Definitions
      At line 373 in file RTE\\Device\\XMC4500-F100x1024\\startup_XMC4500.s
   Uses
      At line 73 in macro try
      at line 122 in file RTE\\Device\\XMC4500-F100x1024\\startup_XMC4500.s
      At line 262 in file RTE\\Device\\XMC4500-F100x1024\\startup_XMC4500.s

VADC0_G0_3_IRQHandler 0000000C

Symbol: VADC0_G0_3_IRQHandler
   Definitions
      At line 374 in file RTE\\Device\\XMC4500-F100x1024\\startup_XMC4500.s
   Uses
      At line 73 in macro try
      at line 123 in file RTE\\Device\\XMC4500-F100x1024\\startup_XMC4500.s



ARM Macro Assembler    Page 18 Alphabetic symbol ordering
Relocatable symbols

      At line 263 in file RTE\\Device\\XMC4500-F100x1024\\startup_XMC4500.s

VADC0_G1_0_IRQHandler 0000000C

Symbol: VADC0_G1_0_IRQHandler
   Definitions
      At line 375 in file RTE\\Device\\XMC4500-F100x1024\\startup_XMC4500.s
   Uses
      At line 73 in macro try
      at line 124 in file RTE\\Device\\XMC4500-F100x1024\\startup_XMC4500.s
      At line 264 in file RTE\\Device\\XMC4500-F100x1024\\startup_XMC4500.s

VADC0_G1_1_IRQHandler 0000000C

Symbol: VADC0_G1_1_IRQHandler
   Definitions
      At line 376 in file RTE\\Device\\XMC4500-F100x1024\\startup_XMC4500.s
   Uses
      At line 73 in macro try
      at line 125 in file RTE\\Device\\XMC4500-F100x1024\\startup_XMC4500.s
      At line 265 in file RTE\\Device\\XMC4500-F100x1024\\startup_XMC4500.s

VADC0_G1_2_IRQHandler 0000000C

Symbol: VADC0_G1_2_IRQHandler
   Definitions
      At line 377 in file RTE\\Device\\XMC4500-F100x1024\\startup_XMC4500.s
   Uses
      At line 73 in macro try
      at line 126 in file RTE\\Device\\XMC4500-F100x1024\\startup_XMC4500.s
      At line 266 in file RTE\\Device\\XMC4500-F100x1024\\startup_XMC4500.s

VADC0_G1_3_IRQHandler 0000000C

Symbol: VADC0_G1_3_IRQHandler
   Definitions
      At line 378 in file RTE\\Device\\XMC4500-F100x1024\\startup_XMC4500.s
   Uses
      At line 73 in macro try
      at line 127 in file RTE\\Device\\XMC4500-F100x1024\\startup_XMC4500.s
      At line 267 in file RTE\\Device\\XMC4500-F100x1024\\startup_XMC4500.s

VADC0_G2_0_IRQHandler 0000000C

Symbol: VADC0_G2_0_IRQHandler
   Definitions
      At line 379 in file RTE\\Device\\XMC4500-F100x1024\\startup_XMC4500.s
   Uses
      At line 73 in macro try
      at line 128 in file RTE\\Device\\XMC4500-F100x1024\\startup_XMC4500.s
      At line 268 in file RTE\\Device\\XMC4500-F100x1024\\startup_XMC4500.s

VADC0_G2_1_IRQHandler 0000000C

Symbol: VADC0_G2_1_IRQHandler
   Definitions
      At line 380 in file RTE\\Device\\XMC4500-F100x1024\\startup_XMC4500.s
   Uses
      At line 73 in macro try



ARM Macro Assembler    Page 19 Alphabetic symbol ordering
Relocatable symbols

      at line 129 in file RTE\\Device\\XMC4500-F100x1024\\startup_XMC4500.s
      At line 269 in file RTE\\Device\\XMC4500-F100x1024\\startup_XMC4500.s

VADC0_G2_2_IRQHandler 0000000C

Symbol: VADC0_G2_2_IRQHandler
   Definitions
      At line 381 in file RTE\\Device\\XMC4500-F100x1024\\startup_XMC4500.s
   Uses
      At line 73 in macro try
      at line 130 in file RTE\\Device\\XMC4500-F100x1024\\startup_XMC4500.s
      At line 270 in file RTE\\Device\\XMC4500-F100x1024\\startup_XMC4500.s

VADC0_G2_3_IRQHandler 0000000C

Symbol: VADC0_G2_3_IRQHandler
   Definitions
      At line 382 in file RTE\\Device\\XMC4500-F100x1024\\startup_XMC4500.s
   Uses
      At line 73 in macro try
      at line 131 in file RTE\\Device\\XMC4500-F100x1024\\startup_XMC4500.s
      At line 271 in file RTE\\Device\\XMC4500-F100x1024\\startup_XMC4500.s

VADC0_G3_0_IRQHandler 0000000C

Symbol: VADC0_G3_0_IRQHandler
   Definitions
      At line 383 in file RTE\\Device\\XMC4500-F100x1024\\startup_XMC4500.s
   Uses
      At line 73 in macro try
      at line 132 in file RTE\\Device\\XMC4500-F100x1024\\startup_XMC4500.s
      At line 272 in file RTE\\Device\\XMC4500-F100x1024\\startup_XMC4500.s

VADC0_G3_1_IRQHandler 0000000C

Symbol: VADC0_G3_1_IRQHandler
   Definitions
      At line 384 in file RTE\\Device\\XMC4500-F100x1024\\startup_XMC4500.s
   Uses
      At line 73 in macro try
      at line 133 in file RTE\\Device\\XMC4500-F100x1024\\startup_XMC4500.s
      At line 273 in file RTE\\Device\\XMC4500-F100x1024\\startup_XMC4500.s

VADC0_G3_2_IRQHandler 0000000C

Symbol: VADC0_G3_2_IRQHandler
   Definitions
      At line 385 in file RTE\\Device\\XMC4500-F100x1024\\startup_XMC4500.s
   Uses
      At line 73 in macro try
      at line 134 in file RTE\\Device\\XMC4500-F100x1024\\startup_XMC4500.s
      At line 274 in file RTE\\Device\\XMC4500-F100x1024\\startup_XMC4500.s

VADC0_G3_3_IRQHandler 0000000C

Symbol: VADC0_G3_3_IRQHandler
   Definitions
      At line 386 in file RTE\\Device\\XMC4500-F100x1024\\startup_XMC4500.s
   Uses



ARM Macro Assembler    Page 20 Alphabetic symbol ordering
Relocatable symbols

      At line 73 in macro try
      at line 135 in file RTE\\Device\\XMC4500-F100x1024\\startup_XMC4500.s
      At line 275 in file RTE\\Device\\XMC4500-F100x1024\\startup_XMC4500.s

__user_initial_stackheap 00000010

Symbol: __user_initial_stackheap
   Definitions
      At line 608 in file RTE\\Device\\XMC4500-F100x1024\\startup_XMC4500.s
   Uses
      At line 607 in file RTE\\Device\\XMC4500-F100x1024\\startup_XMC4500.s
Comment: __user_initial_stackheap used once
114 symbols



ARM Macro Assembler    Page 1 Alphabetic symbol ordering
Absolute symbols

Heap_Size 00000200

Symbol: Heap_Size
   Definitions
      At line 55 in file RTE\\Device\\XMC4500-F100x1024\\startup_XMC4500.s
   Uses
      At line 59 in file RTE\\Device\\XMC4500-F100x1024\\startup_XMC4500.s
      At line 612 in file RTE\\Device\\XMC4500-F100x1024\\startup_XMC4500.s

Stack_Size 00000800

Symbol: Stack_Size
   Definitions
      At line 44 in file RTE\\Device\\XMC4500-F100x1024\\startup_XMC4500.s
   Uses
      At line 47 in file RTE\\Device\\XMC4500-F100x1024\\startup_XMC4500.s
      At line 611 in file RTE\\Device\\XMC4500-F100x1024\\startup_XMC4500.s

__Vectors_Size 00000200

Symbol: __Vectors_Size
   Definitions
      At line 216 in file RTE\\Device\\XMC4500-F100x1024\\startup_XMC4500.s
   Uses
      At line 82 in file RTE\\Device\\XMC4500-F100x1024\\startup_XMC4500.s
Comment: __Vectors_Size used once
3 symbols



ARM Macro Assembler    Page 1 Alphabetic symbol ordering
External symbols

SystemInit 00000000

Symbol: SystemInit
   Definitions
      At line 224 in file RTE\\Device\\XMC4500-F100x1024\\startup_XMC4500.s
   Uses
      At line 227 in file RTE\\Device\\XMC4500-F100x1024\\startup_XMC4500.s
Comment: SystemInit used once
__main 00000000

Symbol: __main
   Definitions
      At line 225 in file RTE\\Device\\XMC4500-F100x1024\\startup_XMC4500.s
   Uses
      At line 229 in file RTE\\Device\\XMC4500-F100x1024\\startup_XMC4500.s
Comment: __main used once
__use_two_region_memory 00000000

Symbol: __use_two_region_memory
   Definitions
      At line 606 in file RTE\\Device\\XMC4500-F100x1024\\startup_XMC4500.s
   Uses
      None
Comment: __use_two_region_memory unused
3 symbols
473 symbols in table
